[2022-01-27 15:00:25,621] {taskinstance.py:876} INFO - Dependencies all met for <TaskInstance: cgi_40.etl 2022-01-27T14:59:51.368874+00:00 [queued]>
[2022-01-27 15:00:25,628] {taskinstance.py:876} INFO - Dependencies all met for <TaskInstance: cgi_40.etl 2022-01-27T14:59:51.368874+00:00 [queued]>
[2022-01-27 15:00:25,628] {taskinstance.py:1067} INFO - 
--------------------------------------------------------------------------------
[2022-01-27 15:00:25,628] {taskinstance.py:1068} INFO - Starting attempt 1 of 1
[2022-01-27 15:00:25,628] {taskinstance.py:1069} INFO - 
--------------------------------------------------------------------------------
[2022-01-27 15:00:25,636] {taskinstance.py:1087} INFO - Executing <Task(PythonOperator): etl> on 2022-01-27T14:59:51.368874+00:00
[2022-01-27 15:00:25,643] {standard_task_runner.py:52} INFO - Started process 149 to run task
[2022-01-27 15:00:25,646] {standard_task_runner.py:76} INFO - Running: ['***', 'tasks', 'run', 'cgi_40', 'etl', '2022-01-27T14:59:51.368874+00:00', '--job-id', '28', '--pool', 'default_pool', '--raw', '--subdir', 'DAGS_FOLDER/cgi40_dag.py', '--cfg-path', '/tmp/tmp3feacpvm', '--error-file', '/tmp/tmpg6kketxu']
[2022-01-27 15:00:25,646] {standard_task_runner.py:77} INFO - Job 28: Subtask etl
[2022-01-27 15:00:25,672] {logging_mixin.py:104} INFO - Running <TaskInstance: cgi_40.etl 2022-01-27T14:59:51.368874+00:00 [running]> on host bb053c5f0074
[2022-01-27 15:00:25,701] {taskinstance.py:1282} INFO - Exporting the following env vars:
AIRFLOW_CTX_DAG_EMAIL=oulespaul@gmail.com
AIRFLOW_CTX_DAG_OWNER=ETDA
AIRFLOW_CTX_DAG_ID=cgi_40
AIRFLOW_CTX_TASK_ID=etl
AIRFLOW_CTX_EXECUTION_DATE=2022-01-27T14:59:51.368874+00:00
AIRFLOW_CTX_DAG_RUN_ID=manual__2022-01-27T14:59:51.368874+00:00
[2022-01-27 15:00:25,701] {logging_mixin.py:104} INFO - etl on progress...
[2022-01-27 15:00:29,606] {logging_mixin.py:104} INFO - country: Albania
[2022-01-27 15:00:29,615] {logging_mixin.py:104} INFO - country: Algeria
[2022-01-27 15:00:29,624] {logging_mixin.py:104} INFO - country: Angola
[2022-01-27 15:00:29,633] {logging_mixin.py:104} INFO - country: Argentina
[2022-01-27 15:00:29,642] {logging_mixin.py:104} INFO - country: Armenia
[2022-01-27 15:00:29,651] {logging_mixin.py:104} INFO - country: Australia
[2022-01-27 15:00:29,660] {logging_mixin.py:104} INFO - country: Austria
[2022-01-27 15:00:29,668] {logging_mixin.py:104} INFO - country: Azerbaijan
[2022-01-27 15:00:29,677] {logging_mixin.py:104} INFO - country: Bahrain
[2022-01-27 15:00:29,686] {logging_mixin.py:104} INFO - country: Bangladesh
[2022-01-27 15:00:29,696] {logging_mixin.py:104} INFO - country: Barbados
[2022-01-27 15:00:29,705] {logging_mixin.py:104} INFO - country: Belgium
[2022-01-27 15:00:29,714] {logging_mixin.py:104} INFO - country: Benin
[2022-01-27 15:00:29,723] {logging_mixin.py:104} INFO - country: Bosnia and Herzegovina
[2022-01-27 15:00:29,732] {logging_mixin.py:104} INFO - country: Bolivia
[2022-01-27 15:00:29,741] {logging_mixin.py:104} INFO - country: Botswana
[2022-01-27 15:00:29,750] {logging_mixin.py:104} INFO - country: Brazil
[2022-01-27 15:00:29,760] {logging_mixin.py:104} INFO - country: Brunei Darussalam
[2022-01-27 15:00:29,769] {logging_mixin.py:104} INFO - country: Bulgaria
[2022-01-27 15:00:29,778] {logging_mixin.py:104} INFO - country: Burkina Faso
[2022-01-27 15:00:29,787] {logging_mixin.py:104} INFO - country: Burundi
[2022-01-27 15:00:29,796] {logging_mixin.py:104} INFO - country: Cambodia
[2022-01-27 15:00:29,805] {logging_mixin.py:104} INFO - country: Cameroon
[2022-01-27 15:00:29,814] {logging_mixin.py:104} INFO - country: Canada
[2022-01-27 15:00:29,823] {logging_mixin.py:104} INFO - country: Cape Verde
[2022-01-27 15:00:29,832] {logging_mixin.py:104} INFO - country: Chad
[2022-01-27 15:00:29,841] {logging_mixin.py:104} INFO - country: Chile
[2022-01-27 15:00:29,849] {logging_mixin.py:104} INFO - country: China
[2022-01-27 15:00:29,858] {logging_mixin.py:104} INFO - country: Colombia
[2022-01-27 15:00:29,867] {logging_mixin.py:104} INFO - country: Congo, Democratic Rep.
[2022-01-27 15:00:29,878] {logging_mixin.py:104} INFO - country: Costa Rica
[2022-01-27 15:00:29,887] {logging_mixin.py:104} INFO - country: Côte d'Ivoire
[2022-01-27 15:00:29,896] {logging_mixin.py:104} INFO - country: Croatia
[2022-01-27 15:00:29,905] {logging_mixin.py:104} INFO - country: Cyprus
[2022-01-27 15:00:29,914] {logging_mixin.py:104} INFO - country: Czech Republic
[2022-01-27 15:00:29,924] {logging_mixin.py:104} INFO - country: Denmark
[2022-01-27 15:00:29,937] {logging_mixin.py:104} INFO - country: Dominican Republic
[2022-01-27 15:00:29,946] {logging_mixin.py:104} INFO - country: Ecuador
[2022-01-27 15:00:29,955] {logging_mixin.py:104} INFO - country: Egypt
[2022-01-27 15:00:29,964] {logging_mixin.py:104} INFO - country: El Salvador
[2022-01-27 15:00:29,975] {logging_mixin.py:104} INFO - country: Estonia
[2022-01-27 15:00:29,987] {logging_mixin.py:104} INFO - country: Ethiopia
[2022-01-27 15:00:29,997] {logging_mixin.py:104} INFO - country: Finland
[2022-01-27 15:00:30,006] {logging_mixin.py:104} INFO - country: France
[2022-01-27 15:00:30,015] {logging_mixin.py:104} INFO - country: Gabon
[2022-01-27 15:00:30,024] {logging_mixin.py:104} INFO - country: Gambia, The
[2022-01-27 15:00:30,033] {logging_mixin.py:104} INFO - country: Georgia
[2022-01-27 15:00:30,042] {logging_mixin.py:104} INFO - country: Germany
[2022-01-27 15:00:30,051] {logging_mixin.py:104} INFO - country: Ghana
[2022-01-27 15:00:30,059] {logging_mixin.py:104} INFO - country: Greece
[2022-01-27 15:00:30,068] {logging_mixin.py:104} INFO - country: Guatemala
[2022-01-27 15:00:30,077] {logging_mixin.py:104} INFO - country: Guinea
[2022-01-27 15:00:30,086] {logging_mixin.py:104} INFO - country: Haiti
[2022-01-27 15:00:30,095] {logging_mixin.py:104} INFO - country: Honduras
[2022-01-27 15:00:30,103] {logging_mixin.py:104} INFO - country: Hong Kong SAR
[2022-01-27 15:00:30,112] {logging_mixin.py:104} INFO - country: Hungary
[2022-01-27 15:00:30,121] {logging_mixin.py:104} INFO - country: Iceland
[2022-01-27 15:00:30,130] {logging_mixin.py:104} INFO - country: India
[2022-01-27 15:00:30,138] {logging_mixin.py:104} INFO - country: Indonesia
[2022-01-27 15:00:30,147] {logging_mixin.py:104} INFO - country: Iran, Islamic Rep.
[2022-01-27 15:00:30,156] {logging_mixin.py:104} INFO - country: Ireland
[2022-01-27 15:00:30,165] {logging_mixin.py:104} INFO - country: Israel
[2022-01-27 15:00:30,174] {logging_mixin.py:104} INFO - country: Italy
[2022-01-27 15:00:30,182] {logging_mixin.py:104} INFO - country: Jamaica
[2022-01-27 15:00:30,191] {logging_mixin.py:104} INFO - country: Japan
[2022-01-27 15:00:30,200] {logging_mixin.py:104} INFO - country: Jordan
[2022-01-27 15:00:30,209] {logging_mixin.py:104} INFO - country: Kazakhstan
[2022-01-27 15:00:30,217] {logging_mixin.py:104} INFO - country: Kenya
[2022-01-27 15:00:30,226] {logging_mixin.py:104} INFO - country: Korea, Rep.
[2022-01-27 15:00:30,235] {logging_mixin.py:104} INFO - country: Kuwait
[2022-01-27 15:00:30,243] {logging_mixin.py:104} INFO - country: Kyrgyz Republic
[2022-01-27 15:00:30,252] {logging_mixin.py:104} INFO - country: Lao PDR
[2022-01-27 15:00:30,261] {logging_mixin.py:104} INFO - country: Latvia
[2022-01-27 15:00:30,269] {logging_mixin.py:104} INFO - country: Lebanon
[2022-01-27 15:00:30,278] {logging_mixin.py:104} INFO - country: Lesotho
[2022-01-27 15:00:30,287] {logging_mixin.py:104} INFO - country: Liberia
[2022-01-27 15:00:30,296] {logging_mixin.py:104} INFO - country: Lithuania
[2022-01-27 15:00:30,304] {logging_mixin.py:104} INFO - country: Luxembourg
[2022-01-27 15:00:30,314] {logging_mixin.py:104} INFO - country: North Macedonia
[2022-01-27 15:00:30,322] {logging_mixin.py:104} INFO - country: Madagascar
[2022-01-27 15:00:30,331] {logging_mixin.py:104} INFO - country: Malawi
[2022-01-27 15:00:30,341] {logging_mixin.py:104} INFO - country: Malaysia
[2022-01-27 15:00:30,351] {logging_mixin.py:104} INFO - country: Mali
[2022-01-27 15:00:30,361] {logging_mixin.py:104} INFO - country: Malta
[2022-01-27 15:00:30,370] {logging_mixin.py:104} INFO - country: Mauritania
[2022-01-27 15:00:30,380] {logging_mixin.py:104} INFO - country: Mauritius
[2022-01-27 15:00:30,389] {logging_mixin.py:104} INFO - country: Mexico
[2022-01-27 15:00:30,398] {logging_mixin.py:104} INFO - country: Moldova
[2022-01-27 15:00:30,407] {logging_mixin.py:104} INFO - country: Mongolia
[2022-01-27 15:00:30,416] {logging_mixin.py:104} INFO - country: Montenegro
[2022-01-27 15:00:30,425] {logging_mixin.py:104} INFO - country: Morocco
[2022-01-27 15:00:30,433] {logging_mixin.py:104} INFO - country: Mozambique
[2022-01-27 15:00:30,442] {logging_mixin.py:104} INFO - country: Namibia
[2022-01-27 15:00:30,452] {logging_mixin.py:104} INFO - country: Nepal
[2022-01-27 15:00:30,462] {logging_mixin.py:104} INFO - country: Netherlands
[2022-01-27 15:00:30,470] {logging_mixin.py:104} INFO - country: New Zealand
[2022-01-27 15:00:30,479] {logging_mixin.py:104} INFO - country: Nicaragua
[2022-01-27 15:00:30,488] {logging_mixin.py:104} INFO - country: Nigeria
[2022-01-27 15:00:30,496] {logging_mixin.py:104} INFO - country: Norway
[2022-01-27 15:00:30,505] {logging_mixin.py:104} INFO - country: Oman
[2022-01-27 15:00:30,514] {logging_mixin.py:104} INFO - country: Pakistan
[2022-01-27 15:00:30,522] {logging_mixin.py:104} INFO - country: Panama
[2022-01-27 15:00:30,531] {logging_mixin.py:104} INFO - country: Paraguay
[2022-01-27 15:00:30,540] {logging_mixin.py:104} INFO - country: Peru
[2022-01-27 15:00:30,549] {logging_mixin.py:104} INFO - country: Philippines
[2022-01-27 15:00:30,558] {logging_mixin.py:104} INFO - country: Poland
[2022-01-27 15:00:30,566] {logging_mixin.py:104} INFO - country: Portugal
[2022-01-27 15:00:30,575] {logging_mixin.py:104} INFO - country: Qatar
[2022-01-27 15:00:30,584] {logging_mixin.py:104} INFO - country: Romania
[2022-01-27 15:00:30,592] {logging_mixin.py:104} INFO - country: Russian Federation
[2022-01-27 15:00:30,601] {logging_mixin.py:104} INFO - country: Rwanda
[2022-01-27 15:00:30,610] {logging_mixin.py:104} INFO - country: Saudi Arabia
[2022-01-27 15:00:30,619] {logging_mixin.py:104} INFO - country: Senegal
[2022-01-27 15:00:30,627] {logging_mixin.py:104} INFO - country: Serbia
[2022-01-27 15:00:30,636] {logging_mixin.py:104} INFO - country: Seychelles
[2022-01-27 15:00:30,645] {logging_mixin.py:104} INFO - country: Sierra Leone
[2022-01-27 15:00:30,654] {logging_mixin.py:104} INFO - country: Singapore
[2022-01-27 15:00:30,662] {logging_mixin.py:104} INFO - country: Slovak Republic
[2022-01-27 15:00:30,671] {logging_mixin.py:104} INFO - country: Slovenia
[2022-01-27 15:00:30,683] {logging_mixin.py:104} INFO - country: South Africa
[2022-01-27 15:00:30,694] {logging_mixin.py:104} INFO - country: Spain
[2022-01-27 15:00:30,703] {logging_mixin.py:104} INFO - country: Sri Lanka
[2022-01-27 15:00:30,712] {logging_mixin.py:104} INFO - country: Eswatini
[2022-01-27 15:00:30,721] {logging_mixin.py:104} INFO - country: Sweden
[2022-01-27 15:00:30,730] {logging_mixin.py:104} INFO - country: Switzerland
[2022-01-27 15:00:30,738] {logging_mixin.py:104} INFO - country: Taiwan, China
[2022-01-27 15:00:30,748] {logging_mixin.py:104} INFO - country: Tajikistan
[2022-01-27 15:00:30,756] {logging_mixin.py:104} INFO - country: Tanzania
[2022-01-27 15:00:30,765] {logging_mixin.py:104} INFO - country: Thailand
[2022-01-27 15:00:30,774] {logging_mixin.py:104} INFO - country: Trinidad and Tobago
[2022-01-27 15:00:30,782] {logging_mixin.py:104} INFO - country: Tunisia
[2022-01-27 15:00:30,791] {logging_mixin.py:104} INFO - country: Turkey
[2022-01-27 15:00:30,800] {logging_mixin.py:104} INFO - country: Uganda
[2022-01-27 15:00:30,808] {logging_mixin.py:104} INFO - country: Ukraine
[2022-01-27 15:00:30,817] {logging_mixin.py:104} INFO - country: United Arab Emirates
[2022-01-27 15:00:30,826] {logging_mixin.py:104} INFO - country: United Kingdom
[2022-01-27 15:00:30,834] {logging_mixin.py:104} INFO - country: United States
[2022-01-27 15:00:30,843] {logging_mixin.py:104} INFO - country: Uruguay
[2022-01-27 15:00:30,852] {logging_mixin.py:104} INFO - country: Venezuela
[2022-01-27 15:00:30,861] {logging_mixin.py:104} INFO - country: Viet Nam
[2022-01-27 15:00:30,869] {logging_mixin.py:104} INFO - country: Yemen
[2022-01-27 15:00:30,878] {logging_mixin.py:104} INFO - country: Zambia
[2022-01-27 15:00:30,887] {logging_mixin.py:104} INFO - country: Zimbabwe
[2022-01-27 15:00:30,896] {logging_mixin.py:104} INFO - country: Average GCR
[2022-01-27 15:00:30,905] {logging_mixin.py:104} INFO - country: Europe and North America
[2022-01-27 15:00:30,913] {logging_mixin.py:104} INFO - country: Middle East and North Africa
[2022-01-27 15:00:30,922] {logging_mixin.py:104} INFO - country: Sub-Saharan Africa
[2022-01-27 15:00:30,931] {logging_mixin.py:104} INFO - country: Latin America and the Caribbean
[2022-01-27 15:00:30,940] {logging_mixin.py:104} INFO - country: Eurasia
[2022-01-27 15:00:30,949] {logging_mixin.py:104} INFO - country: East Asia and Pacific
[2022-01-27 15:00:30,958] {logging_mixin.py:104} INFO - country: South Asia
[2022-01-27 15:00:31,763] {python.py:151} INFO - Done. Returned value was: None
[2022-01-27 15:00:31,771] {taskinstance.py:1191} INFO - Marking task as SUCCESS. dag_id=cgi_40, task_id=etl, execution_date=20220127T145951, start_date=20220127T150025, end_date=20220127T150031
[2022-01-27 15:00:31,786] {taskinstance.py:1245} INFO - 0 downstream tasks scheduled from follow-on schedule check
[2022-01-27 15:00:31,793] {local_task_job.py:151} INFO - Task exited with return code 0
