[2022-01-27 15:03:00,598] {taskinstance.py:876} INFO - Dependencies all met for <TaskInstance: cgi_40.load_data_source 2022-01-27T15:03:00.156814+00:00 [queued]>
[2022-01-27 15:03:00,606] {taskinstance.py:876} INFO - Dependencies all met for <TaskInstance: cgi_40.load_data_source 2022-01-27T15:03:00.156814+00:00 [queued]>
[2022-01-27 15:03:00,606] {taskinstance.py:1067} INFO - 
--------------------------------------------------------------------------------
[2022-01-27 15:03:00,606] {taskinstance.py:1068} INFO - Starting attempt 1 of 1
[2022-01-27 15:03:00,606] {taskinstance.py:1069} INFO - 
--------------------------------------------------------------------------------
[2022-01-27 15:03:00,614] {taskinstance.py:1087} INFO - Executing <Task(BashOperator): load_data_source> on 2022-01-27T15:03:00.156814+00:00
[2022-01-27 15:03:00,622] {standard_task_runner.py:52} INFO - Started process 151 to run task
[2022-01-27 15:03:00,625] {standard_task_runner.py:76} INFO - Running: ['***', 'tasks', 'run', 'cgi_40', 'load_data_source', '2022-01-27T15:03:00.156814+00:00', '--job-id', '29', '--pool', 'default_pool', '--raw', '--subdir', 'DAGS_FOLDER/cgi40_dag.py', '--cfg-path', '/tmp/tmp89z4khid', '--error-file', '/tmp/tmpeey0oza8']
[2022-01-27 15:03:00,625] {standard_task_runner.py:77} INFO - Job 29: Subtask load_data_source
[2022-01-27 15:03:00,660] {logging_mixin.py:104} INFO - Running <TaskInstance: cgi_40.load_data_source 2022-01-27T15:03:00.156814+00:00 [running]> on host bb053c5f0074
[2022-01-27 15:03:00,690] {taskinstance.py:1282} INFO - Exporting the following env vars:
AIRFLOW_CTX_DAG_EMAIL=oulespaul@gmail.com
AIRFLOW_CTX_DAG_OWNER=ETDA
AIRFLOW_CTX_DAG_ID=cgi_40
AIRFLOW_CTX_TASK_ID=load_data_source
AIRFLOW_CTX_EXECUTION_DATE=2022-01-27T15:03:00.156814+00:00
AIRFLOW_CTX_DAG_RUN_ID=manual__2022-01-27T15:03:00.156814+00:00
[2022-01-27 15:03:00,691] {subprocess.py:52} INFO - Tmp dir root location: 
 /tmp
[2022-01-27 15:03:00,692] {subprocess.py:63} INFO - Running command: ['bash', '-c', 'cd /opt/***/dags/data_source &&  curl -LfO "https://www.teknologisk.dk/_/media/76459_GCR%2017-19%20Dataset.xlsx"']
[2022-01-27 15:03:00,700] {subprocess.py:75} INFO - Output:
[2022-01-27 15:03:00,707] {subprocess.py:79} INFO -   % Total    % Received % Xferd  Average Speed   Time    Time     Time  Current
[2022-01-27 15:03:00,707] {subprocess.py:79} INFO -                                  Dload  Upload   Total   Spent    Left  Speed
[2022-01-27 15:03:03,364] {subprocess.py:79} INFO -   0     0    0     0    0     0      0      0 --:--:-- --:--:-- --:--:--     0  0     0    0     0    0     0      0      0 --:--:-- --:--:-- --:--:--     0  2 1916k    2 48746    0     0  34694      0  0:00:56  0:00:01  0:00:55 34669 40 1916k   40  767k    0     0   318k      0  0:00:06  0:00:02  0:00:04  318k100 1916k  100 1916k    0     0   721k      0  0:00:02  0:00:02 --:--:--  721k
[2022-01-27 15:03:03,366] {subprocess.py:83} INFO - Command exited with return code 0
[2022-01-27 15:03:03,384] {taskinstance.py:1191} INFO - Marking task as SUCCESS. dag_id=cgi_40, task_id=load_data_source, execution_date=20220127T150300, start_date=20220127T150300, end_date=20220127T150303
[2022-01-27 15:03:03,404] {taskinstance.py:1245} INFO - 1 downstream tasks scheduled from follow-on schedule check
[2022-01-27 15:03:03,442] {local_task_job.py:151} INFO - Task exited with return code 0
