[2022-01-27 14:53:16,862] {taskinstance.py:876} INFO - Dependencies all met for <TaskInstance: cgi_40.load_data_source 2022-01-27T14:53:16.446773+00:00 [queued]>
[2022-01-27 14:53:16,871] {taskinstance.py:876} INFO - Dependencies all met for <TaskInstance: cgi_40.load_data_source 2022-01-27T14:53:16.446773+00:00 [queued]>
[2022-01-27 14:53:16,871] {taskinstance.py:1067} INFO - 
--------------------------------------------------------------------------------
[2022-01-27 14:53:16,871] {taskinstance.py:1068} INFO - Starting attempt 1 of 1
[2022-01-27 14:53:16,871] {taskinstance.py:1069} INFO - 
--------------------------------------------------------------------------------
[2022-01-27 14:53:16,880] {taskinstance.py:1087} INFO - Executing <Task(BashOperator): load_data_source> on 2022-01-27T14:53:16.446773+00:00
[2022-01-27 14:53:16,888] {standard_task_runner.py:52} INFO - Started process 131 to run task
[2022-01-27 14:53:16,893] {standard_task_runner.py:76} INFO - Running: ['***', 'tasks', 'run', 'cgi_40', 'load_data_source', '2022-01-27T14:53:16.446773+00:00', '--job-id', '22', '--pool', 'default_pool', '--raw', '--subdir', 'DAGS_FOLDER/cgi40_dag.py', '--cfg-path', '/tmp/tmp8kqw5tky', '--error-file', '/tmp/tmpmq5wncfc']
[2022-01-27 14:53:16,898] {standard_task_runner.py:77} INFO - Job 22: Subtask load_data_source
[2022-01-27 14:53:16,932] {logging_mixin.py:104} INFO - Running <TaskInstance: cgi_40.load_data_source 2022-01-27T14:53:16.446773+00:00 [running]> on host bb053c5f0074
[2022-01-27 14:53:16,967] {taskinstance.py:1282} INFO - Exporting the following env vars:
AIRFLOW_CTX_DAG_EMAIL=oulespaul@gmail.com
AIRFLOW_CTX_DAG_OWNER=ETDA
AIRFLOW_CTX_DAG_ID=cgi_40
AIRFLOW_CTX_TASK_ID=load_data_source
AIRFLOW_CTX_EXECUTION_DATE=2022-01-27T14:53:16.446773+00:00
AIRFLOW_CTX_DAG_RUN_ID=manual__2022-01-27T14:53:16.446773+00:00
[2022-01-27 14:53:16,968] {subprocess.py:52} INFO - Tmp dir root location: 
 /tmp
[2022-01-27 14:53:16,968] {subprocess.py:63} INFO - Running command: ['bash', '-c', 'cd /opt/*** && ls']
[2022-01-27 14:53:16,978] {subprocess.py:75} INFO - Output:
[2022-01-27 14:53:16,981] {subprocess.py:79} INFO - ***-worker.pid
[2022-01-27 14:53:16,981] {subprocess.py:79} INFO - ***.cfg
[2022-01-27 14:53:16,981] {subprocess.py:79} INFO - dags
[2022-01-27 14:53:16,981] {subprocess.py:79} INFO - logs
[2022-01-27 14:53:16,981] {subprocess.py:79} INFO - plugins
[2022-01-27 14:53:16,981] {subprocess.py:79} INFO - webserver_config.py
[2022-01-27 14:53:16,982] {subprocess.py:83} INFO - Command exited with return code 0
[2022-01-27 14:53:17,000] {taskinstance.py:1191} INFO - Marking task as SUCCESS. dag_id=cgi_40, task_id=load_data_source, execution_date=20220127T145316, start_date=20220127T145316, end_date=20220127T145317
[2022-01-27 14:53:17,024] {taskinstance.py:1245} INFO - 0 downstream tasks scheduled from follow-on schedule check
[2022-01-27 14:53:17,065] {local_task_job.py:151} INFO - Task exited with return code 0
