[2022-01-27 14:55:38,842] {taskinstance.py:876} INFO - Dependencies all met for <TaskInstance: cgi_40.load_data_source 2022-01-27T14:55:38.413458+00:00 [queued]>
[2022-01-27 14:55:38,850] {taskinstance.py:876} INFO - Dependencies all met for <TaskInstance: cgi_40.load_data_source 2022-01-27T14:55:38.413458+00:00 [queued]>
[2022-01-27 14:55:38,850] {taskinstance.py:1067} INFO - 
--------------------------------------------------------------------------------
[2022-01-27 14:55:38,850] {taskinstance.py:1068} INFO - Starting attempt 1 of 1
[2022-01-27 14:55:38,850] {taskinstance.py:1069} INFO - 
--------------------------------------------------------------------------------
[2022-01-27 14:55:38,858] {taskinstance.py:1087} INFO - Executing <Task(BashOperator): load_data_source> on 2022-01-27T14:55:38.413458+00:00
[2022-01-27 14:55:38,865] {standard_task_runner.py:52} INFO - Started process 139 to run task
[2022-01-27 14:55:38,868] {standard_task_runner.py:76} INFO - Running: ['***', 'tasks', 'run', 'cgi_40', 'load_data_source', '2022-01-27T14:55:38.413458+00:00', '--job-id', '25', '--pool', 'default_pool', '--raw', '--subdir', 'DAGS_FOLDER/cgi40_dag.py', '--cfg-path', '/tmp/tmptr8eo234', '--error-file', '/tmp/tmpze5uw__7']
[2022-01-27 14:55:38,868] {standard_task_runner.py:77} INFO - Job 25: Subtask load_data_source
[2022-01-27 14:55:38,894] {logging_mixin.py:104} INFO - Running <TaskInstance: cgi_40.load_data_source 2022-01-27T14:55:38.413458+00:00 [running]> on host bb053c5f0074
[2022-01-27 14:55:38,924] {taskinstance.py:1282} INFO - Exporting the following env vars:
AIRFLOW_CTX_DAG_EMAIL=oulespaul@gmail.com
AIRFLOW_CTX_DAG_OWNER=ETDA
AIRFLOW_CTX_DAG_ID=cgi_40
AIRFLOW_CTX_TASK_ID=load_data_source
AIRFLOW_CTX_EXECUTION_DATE=2022-01-27T14:55:38.413458+00:00
AIRFLOW_CTX_DAG_RUN_ID=manual__2022-01-27T14:55:38.413458+00:00
[2022-01-27 14:55:38,924] {subprocess.py:52} INFO - Tmp dir root location: 
 /tmp
[2022-01-27 14:55:38,925] {subprocess.py:63} INFO - Running command: ['bash', '-c', 'cd /opt/***/dags/data_source &&  curl -LfO "https://www.teknologisk.dk/_/media/76459_GCR%2017-19%20Dataset.xlsx"']
[2022-01-27 14:55:38,932] {subprocess.py:75} INFO - Output:
[2022-01-27 14:55:38,939] {subprocess.py:79} INFO -   % Total    % Received % Xferd  Average Speed   Time    Time     Time  Current
[2022-01-27 14:55:38,940] {subprocess.py:79} INFO -                                  Dload  Upload   Total   Spent    Left  Speed
[2022-01-27 14:55:41,348] {subprocess.py:79} INFO -   0     0    0     0    0     0      0      0 --:--:-- --:--:-- --:--:--     0  0     0    0     0    0     0      0      0 --:--:-- --:--:-- --:--:--     0  1 1916k    1 32362    0     0  26635      0  0:01:13  0:00:01  0:01:12 26613 46 1916k   46  895k    0     0   405k      0  0:00:04  0:00:02  0:00:02  405k100 1916k  100 1916k    0     0   795k      0  0:00:02  0:00:02 --:--:--  795k
[2022-01-27 14:55:41,349] {subprocess.py:83} INFO - Command exited with return code 0
[2022-01-27 14:55:41,369] {taskinstance.py:1191} INFO - Marking task as SUCCESS. dag_id=cgi_40, task_id=load_data_source, execution_date=20220127T145538, start_date=20220127T145538, end_date=20220127T145541
[2022-01-27 14:55:41,392] {taskinstance.py:1245} INFO - 1 downstream tasks scheduled from follow-on schedule check
[2022-01-27 14:55:41,405] {local_task_job.py:151} INFO - Task exited with return code 0
