[2022-01-27 14:55:42,725] {taskinstance.py:876} INFO - Dependencies all met for <TaskInstance: cgi_40.etl 2022-01-27T14:55:38.413458+00:00 [queued]>
[2022-01-27 14:55:42,732] {taskinstance.py:876} INFO - Dependencies all met for <TaskInstance: cgi_40.etl 2022-01-27T14:55:38.413458+00:00 [queued]>
[2022-01-27 14:55:42,732] {taskinstance.py:1067} INFO - 
--------------------------------------------------------------------------------
[2022-01-27 14:55:42,732] {taskinstance.py:1068} INFO - Starting attempt 1 of 1
[2022-01-27 14:55:42,732] {taskinstance.py:1069} INFO - 
--------------------------------------------------------------------------------
[2022-01-27 14:55:42,740] {taskinstance.py:1087} INFO - Executing <Task(PythonOperator): etl> on 2022-01-27T14:55:38.413458+00:00
[2022-01-27 14:55:42,747] {standard_task_runner.py:52} INFO - Started process 143 to run task
[2022-01-27 14:55:42,750] {standard_task_runner.py:76} INFO - Running: ['***', 'tasks', 'run', 'cgi_40', 'etl', '2022-01-27T14:55:38.413458+00:00', '--job-id', '26', '--pool', 'default_pool', '--raw', '--subdir', 'DAGS_FOLDER/cgi40_dag.py', '--cfg-path', '/tmp/tmp27uh06c4', '--error-file', '/tmp/tmpjp3aqb2f']
[2022-01-27 14:55:42,750] {standard_task_runner.py:77} INFO - Job 26: Subtask etl
[2022-01-27 14:55:42,777] {logging_mixin.py:104} INFO - Running <TaskInstance: cgi_40.etl 2022-01-27T14:55:38.413458+00:00 [running]> on host bb053c5f0074
[2022-01-27 14:55:42,806] {taskinstance.py:1282} INFO - Exporting the following env vars:
AIRFLOW_CTX_DAG_EMAIL=oulespaul@gmail.com
AIRFLOW_CTX_DAG_OWNER=ETDA
AIRFLOW_CTX_DAG_ID=cgi_40
AIRFLOW_CTX_TASK_ID=etl
AIRFLOW_CTX_EXECUTION_DATE=2022-01-27T14:55:38.413458+00:00
AIRFLOW_CTX_DAG_RUN_ID=manual__2022-01-27T14:55:38.413458+00:00
[2022-01-27 14:55:42,806] {logging_mixin.py:104} INFO - etl on progress...
[2022-01-27 14:55:46,740] {logging_mixin.py:104} INFO - country: Albania
[2022-01-27 14:55:46,750] {logging_mixin.py:104} INFO - country: Algeria
[2022-01-27 14:55:46,759] {logging_mixin.py:104} INFO - country: Angola
[2022-01-27 14:55:46,768] {logging_mixin.py:104} INFO - country: Argentina
[2022-01-27 14:55:46,777] {logging_mixin.py:104} INFO - country: Armenia
[2022-01-27 14:55:46,790] {logging_mixin.py:104} INFO - country: Australia
[2022-01-27 14:55:46,799] {logging_mixin.py:104} INFO - country: Austria
[2022-01-27 14:55:46,809] {logging_mixin.py:104} INFO - country: Azerbaijan
[2022-01-27 14:55:46,818] {logging_mixin.py:104} INFO - country: Bahrain
[2022-01-27 14:55:46,827] {logging_mixin.py:104} INFO - country: Bangladesh
[2022-01-27 14:55:46,836] {logging_mixin.py:104} INFO - country: Barbados
[2022-01-27 14:55:46,845] {logging_mixin.py:104} INFO - country: Belgium
[2022-01-27 14:55:46,854] {logging_mixin.py:104} INFO - country: Benin
[2022-01-27 14:55:46,865] {logging_mixin.py:104} INFO - country: Bosnia and Herzegovina
[2022-01-27 14:55:46,877] {logging_mixin.py:104} INFO - country: Bolivia
[2022-01-27 14:55:46,887] {logging_mixin.py:104} INFO - country: Botswana
[2022-01-27 14:55:46,896] {logging_mixin.py:104} INFO - country: Brazil
[2022-01-27 14:55:46,906] {logging_mixin.py:104} INFO - country: Brunei Darussalam
[2022-01-27 14:55:46,915] {logging_mixin.py:104} INFO - country: Bulgaria
[2022-01-27 14:55:46,924] {logging_mixin.py:104} INFO - country: Burkina Faso
[2022-01-27 14:55:46,932] {logging_mixin.py:104} INFO - country: Burundi
[2022-01-27 14:55:46,941] {logging_mixin.py:104} INFO - country: Cambodia
[2022-01-27 14:55:46,950] {logging_mixin.py:104} INFO - country: Cameroon
[2022-01-27 14:55:46,960] {logging_mixin.py:104} INFO - country: Canada
[2022-01-27 14:55:46,969] {logging_mixin.py:104} INFO - country: Cape Verde
[2022-01-27 14:55:46,978] {logging_mixin.py:104} INFO - country: Chad
[2022-01-27 14:55:46,987] {logging_mixin.py:104} INFO - country: Chile
[2022-01-27 14:55:46,996] {logging_mixin.py:104} INFO - country: China
[2022-01-27 14:55:47,005] {logging_mixin.py:104} INFO - country: Colombia
[2022-01-27 14:55:47,014] {logging_mixin.py:104} INFO - country: Congo, Democratic Rep.
[2022-01-27 14:55:47,024] {logging_mixin.py:104} INFO - country: Costa Rica
[2022-01-27 14:55:47,033] {logging_mixin.py:104} INFO - country: Côte d'Ivoire
[2022-01-27 14:55:47,042] {logging_mixin.py:104} INFO - country: Croatia
[2022-01-27 14:55:47,051] {logging_mixin.py:104} INFO - country: Cyprus
[2022-01-27 14:55:47,059] {logging_mixin.py:104} INFO - country: Czech Republic
[2022-01-27 14:55:47,068] {logging_mixin.py:104} INFO - country: Denmark
[2022-01-27 14:55:47,077] {logging_mixin.py:104} INFO - country: Dominican Republic
[2022-01-27 14:55:47,086] {logging_mixin.py:104} INFO - country: Ecuador
[2022-01-27 14:55:47,095] {logging_mixin.py:104} INFO - country: Egypt
[2022-01-27 14:55:47,104] {logging_mixin.py:104} INFO - country: El Salvador
[2022-01-27 14:55:47,112] {logging_mixin.py:104} INFO - country: Estonia
[2022-01-27 14:55:47,121] {logging_mixin.py:104} INFO - country: Ethiopia
[2022-01-27 14:55:47,130] {logging_mixin.py:104} INFO - country: Finland
[2022-01-27 14:55:47,139] {logging_mixin.py:104} INFO - country: France
[2022-01-27 14:55:47,147] {logging_mixin.py:104} INFO - country: Gabon
[2022-01-27 14:55:47,158] {logging_mixin.py:104} INFO - country: Gambia, The
[2022-01-27 14:55:47,167] {logging_mixin.py:104} INFO - country: Georgia
[2022-01-27 14:55:47,175] {logging_mixin.py:104} INFO - country: Germany
[2022-01-27 14:55:47,184] {logging_mixin.py:104} INFO - country: Ghana
[2022-01-27 14:55:47,193] {logging_mixin.py:104} INFO - country: Greece
[2022-01-27 14:55:47,202] {logging_mixin.py:104} INFO - country: Guatemala
[2022-01-27 14:55:47,210] {logging_mixin.py:104} INFO - country: Guinea
[2022-01-27 14:55:47,219] {logging_mixin.py:104} INFO - country: Haiti
[2022-01-27 14:55:47,228] {logging_mixin.py:104} INFO - country: Honduras
[2022-01-27 14:55:47,236] {logging_mixin.py:104} INFO - country: Hong Kong SAR
[2022-01-27 14:55:47,245] {logging_mixin.py:104} INFO - country: Hungary
[2022-01-27 14:55:47,254] {logging_mixin.py:104} INFO - country: Iceland
[2022-01-27 14:55:47,263] {logging_mixin.py:104} INFO - country: India
[2022-01-27 14:55:47,272] {logging_mixin.py:104} INFO - country: Indonesia
[2022-01-27 14:55:47,281] {logging_mixin.py:104} INFO - country: Iran, Islamic Rep.
[2022-01-27 14:55:47,290] {logging_mixin.py:104} INFO - country: Ireland
[2022-01-27 14:55:47,298] {logging_mixin.py:104} INFO - country: Israel
[2022-01-27 14:55:47,307] {logging_mixin.py:104} INFO - country: Italy
[2022-01-27 14:55:47,316] {logging_mixin.py:104} INFO - country: Jamaica
[2022-01-27 14:55:47,325] {logging_mixin.py:104} INFO - country: Japan
[2022-01-27 14:55:47,333] {logging_mixin.py:104} INFO - country: Jordan
[2022-01-27 14:55:47,342] {logging_mixin.py:104} INFO - country: Kazakhstan
[2022-01-27 14:55:47,351] {logging_mixin.py:104} INFO - country: Kenya
[2022-01-27 14:55:47,360] {logging_mixin.py:104} INFO - country: Korea, Rep.
[2022-01-27 14:55:47,369] {logging_mixin.py:104} INFO - country: Kuwait
[2022-01-27 14:55:47,377] {logging_mixin.py:104} INFO - country: Kyrgyz Republic
[2022-01-27 14:55:47,386] {logging_mixin.py:104} INFO - country: Lao PDR
[2022-01-27 14:55:47,395] {logging_mixin.py:104} INFO - country: Latvia
[2022-01-27 14:55:47,404] {logging_mixin.py:104} INFO - country: Lebanon
[2022-01-27 14:55:47,412] {logging_mixin.py:104} INFO - country: Lesotho
[2022-01-27 14:55:47,421] {logging_mixin.py:104} INFO - country: Liberia
[2022-01-27 14:55:47,435] {logging_mixin.py:104} INFO - country: Lithuania
[2022-01-27 14:55:47,444] {logging_mixin.py:104} INFO - country: Luxembourg
[2022-01-27 14:55:47,455] {logging_mixin.py:104} INFO - country: North Macedonia
[2022-01-27 14:55:47,463] {logging_mixin.py:104} INFO - country: Madagascar
[2022-01-27 14:55:47,472] {logging_mixin.py:104} INFO - country: Malawi
[2022-01-27 14:55:47,481] {logging_mixin.py:104} INFO - country: Malaysia
[2022-01-27 14:55:47,490] {logging_mixin.py:104} INFO - country: Mali
[2022-01-27 14:55:47,499] {logging_mixin.py:104} INFO - country: Malta
[2022-01-27 14:55:47,507] {logging_mixin.py:104} INFO - country: Mauritania
[2022-01-27 14:55:47,516] {logging_mixin.py:104} INFO - country: Mauritius
[2022-01-27 14:55:47,525] {logging_mixin.py:104} INFO - country: Mexico
[2022-01-27 14:55:47,535] {logging_mixin.py:104} INFO - country: Moldova
[2022-01-27 14:55:47,544] {logging_mixin.py:104} INFO - country: Mongolia
[2022-01-27 14:55:47,553] {logging_mixin.py:104} INFO - country: Montenegro
[2022-01-27 14:55:47,564] {logging_mixin.py:104} INFO - country: Morocco
[2022-01-27 14:55:47,576] {logging_mixin.py:104} INFO - country: Mozambique
[2022-01-27 14:55:47,585] {logging_mixin.py:104} INFO - country: Namibia
[2022-01-27 14:55:47,595] {logging_mixin.py:104} INFO - country: Nepal
[2022-01-27 14:55:47,604] {logging_mixin.py:104} INFO - country: Netherlands
[2022-01-27 14:55:47,615] {logging_mixin.py:104} INFO - country: New Zealand
[2022-01-27 14:55:47,628] {logging_mixin.py:104} INFO - country: Nicaragua
[2022-01-27 14:55:47,638] {logging_mixin.py:104} INFO - country: Nigeria
[2022-01-27 14:55:47,646] {logging_mixin.py:104} INFO - country: Norway
[2022-01-27 14:55:47,655] {logging_mixin.py:104} INFO - country: Oman
[2022-01-27 14:55:47,664] {logging_mixin.py:104} INFO - country: Pakistan
[2022-01-27 14:55:47,673] {logging_mixin.py:104} INFO - country: Panama
[2022-01-27 14:55:47,682] {logging_mixin.py:104} INFO - country: Paraguay
[2022-01-27 14:55:47,690] {logging_mixin.py:104} INFO - country: Peru
[2022-01-27 14:55:47,699] {logging_mixin.py:104} INFO - country: Philippines
[2022-01-27 14:55:47,708] {logging_mixin.py:104} INFO - country: Poland
[2022-01-27 14:55:47,717] {logging_mixin.py:104} INFO - country: Portugal
[2022-01-27 14:55:47,726] {logging_mixin.py:104} INFO - country: Qatar
[2022-01-27 14:55:47,735] {logging_mixin.py:104} INFO - country: Romania
[2022-01-27 14:55:47,744] {logging_mixin.py:104} INFO - country: Russian Federation
[2022-01-27 14:55:47,753] {logging_mixin.py:104} INFO - country: Rwanda
[2022-01-27 14:55:47,762] {logging_mixin.py:104} INFO - country: Saudi Arabia
[2022-01-27 14:55:47,771] {logging_mixin.py:104} INFO - country: Senegal
[2022-01-27 14:55:47,782] {logging_mixin.py:104} INFO - country: Serbia
[2022-01-27 14:55:47,792] {logging_mixin.py:104} INFO - country: Seychelles
[2022-01-27 14:55:47,801] {logging_mixin.py:104} INFO - country: Sierra Leone
[2022-01-27 14:55:47,810] {logging_mixin.py:104} INFO - country: Singapore
[2022-01-27 14:55:47,820] {logging_mixin.py:104} INFO - country: Slovak Republic
[2022-01-27 14:55:47,829] {logging_mixin.py:104} INFO - country: Slovenia
[2022-01-27 14:55:47,838] {logging_mixin.py:104} INFO - country: South Africa
[2022-01-27 14:55:47,847] {logging_mixin.py:104} INFO - country: Spain
[2022-01-27 14:55:47,856] {logging_mixin.py:104} INFO - country: Sri Lanka
[2022-01-27 14:55:47,865] {logging_mixin.py:104} INFO - country: Eswatini
[2022-01-27 14:55:47,875] {logging_mixin.py:104} INFO - country: Sweden
[2022-01-27 14:55:47,884] {logging_mixin.py:104} INFO - country: Switzerland
[2022-01-27 14:55:47,893] {logging_mixin.py:104} INFO - country: Taiwan, China
[2022-01-27 14:55:47,902] {logging_mixin.py:104} INFO - country: Tajikistan
[2022-01-27 14:55:47,911] {logging_mixin.py:104} INFO - country: Tanzania
[2022-01-27 14:55:47,920] {logging_mixin.py:104} INFO - country: Thailand
[2022-01-27 14:55:47,929] {logging_mixin.py:104} INFO - country: Trinidad and Tobago
[2022-01-27 14:55:47,938] {logging_mixin.py:104} INFO - country: Tunisia
[2022-01-27 14:55:47,948] {logging_mixin.py:104} INFO - country: Turkey
[2022-01-27 14:55:47,957] {logging_mixin.py:104} INFO - country: Uganda
[2022-01-27 14:55:47,966] {logging_mixin.py:104} INFO - country: Ukraine
[2022-01-27 14:55:47,975] {logging_mixin.py:104} INFO - country: United Arab Emirates
[2022-01-27 14:55:47,984] {logging_mixin.py:104} INFO - country: United Kingdom
[2022-01-27 14:55:47,993] {logging_mixin.py:104} INFO - country: United States
[2022-01-27 14:55:48,002] {logging_mixin.py:104} INFO - country: Uruguay
[2022-01-27 14:55:48,011] {logging_mixin.py:104} INFO - country: Venezuela
[2022-01-27 14:55:48,023] {logging_mixin.py:104} INFO - country: Viet Nam
[2022-01-27 14:55:48,034] {logging_mixin.py:104} INFO - country: Yemen
[2022-01-27 14:55:48,043] {logging_mixin.py:104} INFO - country: Zambia
[2022-01-27 14:55:48,053] {logging_mixin.py:104} INFO - country: Zimbabwe
[2022-01-27 14:55:48,062] {logging_mixin.py:104} INFO - country: Average GCR
[2022-01-27 14:55:48,071] {logging_mixin.py:104} INFO - country: Europe and North America
[2022-01-27 14:55:48,080] {logging_mixin.py:104} INFO - country: Middle East and North Africa
[2022-01-27 14:55:48,092] {logging_mixin.py:104} INFO - country: Sub-Saharan Africa
[2022-01-27 14:55:48,102] {logging_mixin.py:104} INFO - country: Latin America and the Caribbean
[2022-01-27 14:55:48,111] {logging_mixin.py:104} INFO - country: Eurasia
[2022-01-27 14:55:48,120] {logging_mixin.py:104} INFO - country: East Asia and Pacific
[2022-01-27 14:55:48,130] {logging_mixin.py:104} INFO - country: South Asia
[2022-01-27 14:55:48,932] {python.py:151} INFO - Done. Returned value was: None
[2022-01-27 14:55:48,940] {taskinstance.py:1191} INFO - Marking task as SUCCESS. dag_id=cgi_40, task_id=etl, execution_date=20220127T145538, start_date=20220127T145542, end_date=20220127T145548
[2022-01-27 14:55:48,955] {taskinstance.py:1245} INFO - 0 downstream tasks scheduled from follow-on schedule check
[2022-01-27 14:55:48,972] {local_task_job.py:151} INFO - Task exited with return code 0
