[2022-01-27 16:30:24,933] {taskinstance.py:876} INFO - Dependencies all met for <TaskInstance: cgi_40.etl 2022-01-27T16:30:18.410639+00:00 [queued]>
[2022-01-27 16:30:24,941] {taskinstance.py:876} INFO - Dependencies all met for <TaskInstance: cgi_40.etl 2022-01-27T16:30:18.410639+00:00 [queued]>
[2022-01-27 16:30:24,941] {taskinstance.py:1067} INFO - 
--------------------------------------------------------------------------------
[2022-01-27 16:30:24,941] {taskinstance.py:1068} INFO - Starting attempt 1 of 1
[2022-01-27 16:30:24,941] {taskinstance.py:1069} INFO - 
--------------------------------------------------------------------------------
[2022-01-27 16:30:24,948] {taskinstance.py:1087} INFO - Executing <Task(PythonOperator): etl> on 2022-01-27T16:30:18.410639+00:00
[2022-01-27 16:30:24,955] {standard_task_runner.py:52} INFO - Started process 130 to run task
[2022-01-27 16:30:24,958] {standard_task_runner.py:76} INFO - Running: ['***', 'tasks', 'run', 'cgi_40', 'etl', '2022-01-27T16:30:18.410639+00:00', '--job-id', '25', '--pool', 'default_pool', '--raw', '--subdir', 'DAGS_FOLDER/cgi40_dag.py', '--cfg-path', '/tmp/tmpiu6t9am1', '--error-file', '/tmp/tmpnwj2m091']
[2022-01-27 16:30:24,958] {standard_task_runner.py:77} INFO - Job 25: Subtask etl
[2022-01-27 16:30:24,993] {logging_mixin.py:104} INFO - Running <TaskInstance: cgi_40.etl 2022-01-27T16:30:18.410639+00:00 [running]> on host ca77e06d0f72
[2022-01-27 16:30:25,029] {taskinstance.py:1282} INFO - Exporting the following env vars:
AIRFLOW_CTX_DAG_EMAIL=oulespaul@gmail.com
AIRFLOW_CTX_DAG_OWNER=ETDA
AIRFLOW_CTX_DAG_ID=cgi_40
AIRFLOW_CTX_TASK_ID=etl
AIRFLOW_CTX_EXECUTION_DATE=2022-01-27T16:30:18.410639+00:00
AIRFLOW_CTX_DAG_RUN_ID=manual__2022-01-27T16:30:18.410639+00:00
[2022-01-27 16:30:25,030] {logging_mixin.py:104} INFO - etl on progress...
[2022-01-27 16:30:28,871] {logging_mixin.py:104} INFO - country: Albania
[2022-01-27 16:30:28,880] {logging_mixin.py:104} INFO - country: Algeria
[2022-01-27 16:30:28,889] {logging_mixin.py:104} INFO - country: Angola
[2022-01-27 16:30:28,898] {logging_mixin.py:104} INFO - country: Argentina
[2022-01-27 16:30:28,907] {logging_mixin.py:104} INFO - country: Armenia
[2022-01-27 16:30:28,916] {logging_mixin.py:104} INFO - country: Australia
[2022-01-27 16:30:28,925] {logging_mixin.py:104} INFO - country: Austria
[2022-01-27 16:30:28,933] {logging_mixin.py:104} INFO - country: Azerbaijan
[2022-01-27 16:30:28,942] {logging_mixin.py:104} INFO - country: Bahrain
[2022-01-27 16:30:28,951] {logging_mixin.py:104} INFO - country: Bangladesh
[2022-01-27 16:30:28,960] {logging_mixin.py:104} INFO - country: Barbados
[2022-01-27 16:30:28,969] {logging_mixin.py:104} INFO - country: Belgium
[2022-01-27 16:30:28,978] {logging_mixin.py:104} INFO - country: Benin
[2022-01-27 16:30:28,987] {logging_mixin.py:104} INFO - country: Bosnia and Herzegovina
[2022-01-27 16:30:28,996] {logging_mixin.py:104} INFO - country: Bolivia
[2022-01-27 16:30:29,005] {logging_mixin.py:104} INFO - country: Botswana
[2022-01-27 16:30:29,014] {logging_mixin.py:104} INFO - country: Brazil
[2022-01-27 16:30:29,023] {logging_mixin.py:104} INFO - country: Brunei Darussalam
[2022-01-27 16:30:29,032] {logging_mixin.py:104} INFO - country: Bulgaria
[2022-01-27 16:30:29,041] {logging_mixin.py:104} INFO - country: Burkina Faso
[2022-01-27 16:30:29,050] {logging_mixin.py:104} INFO - country: Burundi
[2022-01-27 16:30:29,059] {logging_mixin.py:104} INFO - country: Cambodia
[2022-01-27 16:30:29,068] {logging_mixin.py:104} INFO - country: Cameroon
[2022-01-27 16:30:29,077] {logging_mixin.py:104} INFO - country: Canada
[2022-01-27 16:30:29,086] {logging_mixin.py:104} INFO - country: Cape Verde
[2022-01-27 16:30:29,095] {logging_mixin.py:104} INFO - country: Chad
[2022-01-27 16:30:29,104] {logging_mixin.py:104} INFO - country: Chile
[2022-01-27 16:30:29,113] {logging_mixin.py:104} INFO - country: China
[2022-01-27 16:30:29,122] {logging_mixin.py:104} INFO - country: Colombia
[2022-01-27 16:30:29,131] {logging_mixin.py:104} INFO - country: Congo, Democratic Rep.
[2022-01-27 16:30:29,142] {logging_mixin.py:104} INFO - country: Costa Rica
[2022-01-27 16:30:29,151] {logging_mixin.py:104} INFO - country: Côte d'Ivoire
[2022-01-27 16:30:29,159] {logging_mixin.py:104} INFO - country: Croatia
[2022-01-27 16:30:29,168] {logging_mixin.py:104} INFO - country: Cyprus
[2022-01-27 16:30:29,177] {logging_mixin.py:104} INFO - country: Czech Republic
[2022-01-27 16:30:29,186] {logging_mixin.py:104} INFO - country: Denmark
[2022-01-27 16:30:29,195] {logging_mixin.py:104} INFO - country: Dominican Republic
[2022-01-27 16:30:29,203] {logging_mixin.py:104} INFO - country: Ecuador
[2022-01-27 16:30:29,213] {logging_mixin.py:104} INFO - country: Egypt
[2022-01-27 16:30:29,221] {logging_mixin.py:104} INFO - country: El Salvador
[2022-01-27 16:30:29,230] {logging_mixin.py:104} INFO - country: Estonia
[2022-01-27 16:30:29,239] {logging_mixin.py:104} INFO - country: Ethiopia
[2022-01-27 16:30:29,248] {logging_mixin.py:104} INFO - country: Finland
[2022-01-27 16:30:29,257] {logging_mixin.py:104} INFO - country: France
[2022-01-27 16:30:29,266] {logging_mixin.py:104} INFO - country: Gabon
[2022-01-27 16:30:29,275] {logging_mixin.py:104} INFO - country: Gambia, The
[2022-01-27 16:30:29,283] {logging_mixin.py:104} INFO - country: Georgia
[2022-01-27 16:30:29,292] {logging_mixin.py:104} INFO - country: Germany
[2022-01-27 16:30:29,301] {logging_mixin.py:104} INFO - country: Ghana
[2022-01-27 16:30:29,310] {logging_mixin.py:104} INFO - country: Greece
[2022-01-27 16:30:29,319] {logging_mixin.py:104} INFO - country: Guatemala
[2022-01-27 16:30:29,327] {logging_mixin.py:104} INFO - country: Guinea
[2022-01-27 16:30:29,336] {logging_mixin.py:104} INFO - country: Haiti
[2022-01-27 16:30:29,349] {logging_mixin.py:104} INFO - country: Honduras
[2022-01-27 16:30:29,358] {logging_mixin.py:104} INFO - country: Hong Kong SAR
[2022-01-27 16:30:29,367] {logging_mixin.py:104} INFO - country: Hungary
[2022-01-27 16:30:29,376] {logging_mixin.py:104} INFO - country: Iceland
[2022-01-27 16:30:29,385] {logging_mixin.py:104} INFO - country: India
[2022-01-27 16:30:29,394] {logging_mixin.py:104} INFO - country: Indonesia
[2022-01-27 16:30:29,403] {logging_mixin.py:104} INFO - country: Iran, Islamic Rep.
[2022-01-27 16:30:29,414] {logging_mixin.py:104} INFO - country: Ireland
[2022-01-27 16:30:29,426] {logging_mixin.py:104} INFO - country: Israel
[2022-01-27 16:30:29,435] {logging_mixin.py:104} INFO - country: Italy
[2022-01-27 16:30:29,444] {logging_mixin.py:104} INFO - country: Jamaica
[2022-01-27 16:30:29,458] {logging_mixin.py:104} INFO - country: Japan
[2022-01-27 16:30:29,478] {logging_mixin.py:104} INFO - country: Jordan
[2022-01-27 16:30:29,488] {logging_mixin.py:104} INFO - country: Kazakhstan
[2022-01-27 16:30:29,499] {logging_mixin.py:104} INFO - country: Kenya
[2022-01-27 16:30:29,509] {logging_mixin.py:104} INFO - country: Korea, Rep.
[2022-01-27 16:30:29,518] {logging_mixin.py:104} INFO - country: Kuwait
[2022-01-27 16:30:29,527] {logging_mixin.py:104} INFO - country: Kyrgyz Republic
[2022-01-27 16:30:29,536] {logging_mixin.py:104} INFO - country: Lao PDR
[2022-01-27 16:30:29,545] {logging_mixin.py:104} INFO - country: Latvia
[2022-01-27 16:30:29,554] {logging_mixin.py:104} INFO - country: Lebanon
[2022-01-27 16:30:29,562] {logging_mixin.py:104} INFO - country: Lesotho
[2022-01-27 16:30:29,571] {logging_mixin.py:104} INFO - country: Liberia
[2022-01-27 16:30:29,580] {logging_mixin.py:104} INFO - country: Lithuania
[2022-01-27 16:30:29,589] {logging_mixin.py:104} INFO - country: Luxembourg
[2022-01-27 16:30:29,598] {logging_mixin.py:104} INFO - country: North Macedonia
[2022-01-27 16:30:29,607] {logging_mixin.py:104} INFO - country: Madagascar
[2022-01-27 16:30:29,615] {logging_mixin.py:104} INFO - country: Malawi
[2022-01-27 16:30:29,624] {logging_mixin.py:104} INFO - country: Malaysia
[2022-01-27 16:30:29,633] {logging_mixin.py:104} INFO - country: Mali
[2022-01-27 16:30:29,642] {logging_mixin.py:104} INFO - country: Malta
[2022-01-27 16:30:29,651] {logging_mixin.py:104} INFO - country: Mauritania
[2022-01-27 16:30:29,659] {logging_mixin.py:104} INFO - country: Mauritius
[2022-01-27 16:30:29,668] {logging_mixin.py:104} INFO - country: Mexico
[2022-01-27 16:30:29,677] {logging_mixin.py:104} INFO - country: Moldova
[2022-01-27 16:30:29,685] {logging_mixin.py:104} INFO - country: Mongolia
[2022-01-27 16:30:29,694] {logging_mixin.py:104} INFO - country: Montenegro
[2022-01-27 16:30:29,704] {logging_mixin.py:104} INFO - country: Morocco
[2022-01-27 16:30:29,712] {logging_mixin.py:104} INFO - country: Mozambique
[2022-01-27 16:30:29,721] {logging_mixin.py:104} INFO - country: Namibia
[2022-01-27 16:30:29,730] {logging_mixin.py:104} INFO - country: Nepal
[2022-01-27 16:30:29,739] {logging_mixin.py:104} INFO - country: Netherlands
[2022-01-27 16:30:29,747] {logging_mixin.py:104} INFO - country: New Zealand
[2022-01-27 16:30:29,757] {logging_mixin.py:104} INFO - country: Nicaragua
[2022-01-27 16:30:29,766] {logging_mixin.py:104} INFO - country: Nigeria
[2022-01-27 16:30:29,775] {logging_mixin.py:104} INFO - country: Norway
[2022-01-27 16:30:29,784] {logging_mixin.py:104} INFO - country: Oman
[2022-01-27 16:30:29,792] {logging_mixin.py:104} INFO - country: Pakistan
[2022-01-27 16:30:29,801] {logging_mixin.py:104} INFO - country: Panama
[2022-01-27 16:30:29,810] {logging_mixin.py:104} INFO - country: Paraguay
[2022-01-27 16:30:29,818] {logging_mixin.py:104} INFO - country: Peru
[2022-01-27 16:30:29,827] {logging_mixin.py:104} INFO - country: Philippines
[2022-01-27 16:30:29,836] {logging_mixin.py:104} INFO - country: Poland
[2022-01-27 16:30:29,844] {logging_mixin.py:104} INFO - country: Portugal
[2022-01-27 16:30:29,853] {logging_mixin.py:104} INFO - country: Qatar
[2022-01-27 16:30:29,862] {logging_mixin.py:104} INFO - country: Romania
[2022-01-27 16:30:29,871] {logging_mixin.py:104} INFO - country: Russian Federation
[2022-01-27 16:30:29,879] {logging_mixin.py:104} INFO - country: Rwanda
[2022-01-27 16:30:29,888] {logging_mixin.py:104} INFO - country: Saudi Arabia
[2022-01-27 16:30:29,897] {logging_mixin.py:104} INFO - country: Senegal
[2022-01-27 16:30:29,905] {logging_mixin.py:104} INFO - country: Serbia
[2022-01-27 16:30:29,914] {logging_mixin.py:104} INFO - country: Seychelles
[2022-01-27 16:30:29,923] {logging_mixin.py:104} INFO - country: Sierra Leone
[2022-01-27 16:30:29,932] {logging_mixin.py:104} INFO - country: Singapore
[2022-01-27 16:30:29,940] {logging_mixin.py:104} INFO - country: Slovak Republic
[2022-01-27 16:30:29,949] {logging_mixin.py:104} INFO - country: Slovenia
[2022-01-27 16:30:29,958] {logging_mixin.py:104} INFO - country: South Africa
[2022-01-27 16:30:29,966] {logging_mixin.py:104} INFO - country: Spain
[2022-01-27 16:30:29,975] {logging_mixin.py:104} INFO - country: Sri Lanka
[2022-01-27 16:30:29,984] {logging_mixin.py:104} INFO - country: Eswatini
[2022-01-27 16:30:29,993] {logging_mixin.py:104} INFO - country: Sweden
[2022-01-27 16:30:30,002] {logging_mixin.py:104} INFO - country: Switzerland
[2022-01-27 16:30:30,011] {logging_mixin.py:104} INFO - country: Taiwan, China
[2022-01-27 16:30:30,020] {logging_mixin.py:104} INFO - country: Tajikistan
[2022-01-27 16:30:30,029] {logging_mixin.py:104} INFO - country: Tanzania
[2022-01-27 16:30:30,038] {logging_mixin.py:104} INFO - country: Thailand
[2022-01-27 16:30:30,046] {logging_mixin.py:104} INFO - country: Trinidad and Tobago
[2022-01-27 16:30:30,055] {logging_mixin.py:104} INFO - country: Tunisia
[2022-01-27 16:30:30,064] {logging_mixin.py:104} INFO - country: Turkey
[2022-01-27 16:30:30,072] {logging_mixin.py:104} INFO - country: Uganda
[2022-01-27 16:30:30,081] {logging_mixin.py:104} INFO - country: Ukraine
[2022-01-27 16:30:30,090] {logging_mixin.py:104} INFO - country: United Arab Emirates
[2022-01-27 16:30:30,098] {logging_mixin.py:104} INFO - country: United Kingdom
[2022-01-27 16:30:30,107] {logging_mixin.py:104} INFO - country: United States
[2022-01-27 16:30:30,116] {logging_mixin.py:104} INFO - country: Uruguay
[2022-01-27 16:30:30,124] {logging_mixin.py:104} INFO - country: Venezuela
[2022-01-27 16:30:30,133] {logging_mixin.py:104} INFO - country: Viet Nam
[2022-01-27 16:30:30,142] {logging_mixin.py:104} INFO - country: Yemen
[2022-01-27 16:30:30,151] {logging_mixin.py:104} INFO - country: Zambia
[2022-01-27 16:30:30,159] {logging_mixin.py:104} INFO - country: Zimbabwe
[2022-01-27 16:30:30,168] {logging_mixin.py:104} INFO - country: Average GCR
[2022-01-27 16:30:30,177] {logging_mixin.py:104} INFO - country: Europe and North America
[2022-01-27 16:30:30,185] {logging_mixin.py:104} INFO - country: Middle East and North Africa
[2022-01-27 16:30:30,194] {logging_mixin.py:104} INFO - country: Sub-Saharan Africa
[2022-01-27 16:30:30,203] {logging_mixin.py:104} INFO - country: Latin America and the Caribbean
[2022-01-27 16:30:30,212] {logging_mixin.py:104} INFO - country: Eurasia
[2022-01-27 16:30:30,220] {logging_mixin.py:104} INFO - country: East Asia and Pacific
[2022-01-27 16:30:30,229] {logging_mixin.py:104} INFO - country: South Asia
[2022-01-27 16:30:31,003] {python.py:151} INFO - Done. Returned value was: None
[2022-01-27 16:30:31,028] {taskinstance.py:1191} INFO - Marking task as SUCCESS. dag_id=cgi_40, task_id=etl, execution_date=20220127T163018, start_date=20220127T163024, end_date=20220127T163031
[2022-01-27 16:30:31,046] {taskinstance.py:1245} INFO - 1 downstream tasks scheduled from follow-on schedule check
[2022-01-27 16:30:31,064] {local_task_job.py:151} INFO - Task exited with return code 0
