[2022-01-27 16:25:29,035] {taskinstance.py:876} INFO - Dependencies all met for <TaskInstance: cgi_40.etl 2022-01-27T16:25:24.799504+00:00 [queued]>
[2022-01-27 16:25:29,042] {taskinstance.py:876} INFO - Dependencies all met for <TaskInstance: cgi_40.etl 2022-01-27T16:25:24.799504+00:00 [queued]>
[2022-01-27 16:25:29,043] {taskinstance.py:1067} INFO - 
--------------------------------------------------------------------------------
[2022-01-27 16:25:29,043] {taskinstance.py:1068} INFO - Starting attempt 1 of 1
[2022-01-27 16:25:29,043] {taskinstance.py:1069} INFO - 
--------------------------------------------------------------------------------
[2022-01-27 16:25:29,051] {taskinstance.py:1087} INFO - Executing <Task(PythonOperator): etl> on 2022-01-27T16:25:24.799504+00:00
[2022-01-27 16:25:29,058] {standard_task_runner.py:52} INFO - Started process 114 to run task
[2022-01-27 16:25:29,063] {standard_task_runner.py:76} INFO - Running: ['***', 'tasks', 'run', 'cgi_40', 'etl', '2022-01-27T16:25:24.799504+00:00', '--job-id', '19', '--pool', 'default_pool', '--raw', '--subdir', 'DAGS_FOLDER/cgi40_dag.py', '--cfg-path', '/tmp/tmp0gtfvov5', '--error-file', '/tmp/tmp0obuz5xn']
[2022-01-27 16:25:29,063] {standard_task_runner.py:77} INFO - Job 19: Subtask etl
[2022-01-27 16:25:29,089] {logging_mixin.py:104} INFO - Running <TaskInstance: cgi_40.etl 2022-01-27T16:25:24.799504+00:00 [running]> on host ca77e06d0f72
[2022-01-27 16:25:29,117] {taskinstance.py:1282} INFO - Exporting the following env vars:
AIRFLOW_CTX_DAG_EMAIL=oulespaul@gmail.com
AIRFLOW_CTX_DAG_OWNER=ETDA
AIRFLOW_CTX_DAG_ID=cgi_40
AIRFLOW_CTX_TASK_ID=etl
AIRFLOW_CTX_EXECUTION_DATE=2022-01-27T16:25:24.799504+00:00
AIRFLOW_CTX_DAG_RUN_ID=manual__2022-01-27T16:25:24.799504+00:00
[2022-01-27 16:25:29,118] {logging_mixin.py:104} INFO - etl on progress...
[2022-01-27 16:25:32,977] {logging_mixin.py:104} INFO - country: Albania
[2022-01-27 16:25:32,986] {logging_mixin.py:104} INFO - country: Algeria
[2022-01-27 16:25:32,995] {logging_mixin.py:104} INFO - country: Angola
[2022-01-27 16:25:33,004] {logging_mixin.py:104} INFO - country: Argentina
[2022-01-27 16:25:33,012] {logging_mixin.py:104} INFO - country: Armenia
[2022-01-27 16:25:33,021] {logging_mixin.py:104} INFO - country: Australia
[2022-01-27 16:25:33,030] {logging_mixin.py:104} INFO - country: Austria
[2022-01-27 16:25:33,039] {logging_mixin.py:104} INFO - country: Azerbaijan
[2022-01-27 16:25:33,047] {logging_mixin.py:104} INFO - country: Bahrain
[2022-01-27 16:25:33,056] {logging_mixin.py:104} INFO - country: Bangladesh
[2022-01-27 16:25:33,065] {logging_mixin.py:104} INFO - country: Barbados
[2022-01-27 16:25:33,074] {logging_mixin.py:104} INFO - country: Belgium
[2022-01-27 16:25:33,082] {logging_mixin.py:104} INFO - country: Benin
[2022-01-27 16:25:33,091] {logging_mixin.py:104} INFO - country: Bosnia and Herzegovina
[2022-01-27 16:25:33,100] {logging_mixin.py:104} INFO - country: Bolivia
[2022-01-27 16:25:33,109] {logging_mixin.py:104} INFO - country: Botswana
[2022-01-27 16:25:33,118] {logging_mixin.py:104} INFO - country: Brazil
[2022-01-27 16:25:33,127] {logging_mixin.py:104} INFO - country: Brunei Darussalam
[2022-01-27 16:25:33,135] {logging_mixin.py:104} INFO - country: Bulgaria
[2022-01-27 16:25:33,144] {logging_mixin.py:104} INFO - country: Burkina Faso
[2022-01-27 16:25:33,153] {logging_mixin.py:104} INFO - country: Burundi
[2022-01-27 16:25:33,162] {logging_mixin.py:104} INFO - country: Cambodia
[2022-01-27 16:25:33,171] {logging_mixin.py:104} INFO - country: Cameroon
[2022-01-27 16:25:33,180] {logging_mixin.py:104} INFO - country: Canada
[2022-01-27 16:25:33,188] {logging_mixin.py:104} INFO - country: Cape Verde
[2022-01-27 16:25:33,197] {logging_mixin.py:104} INFO - country: Chad
[2022-01-27 16:25:33,206] {logging_mixin.py:104} INFO - country: Chile
[2022-01-27 16:25:33,215] {logging_mixin.py:104} INFO - country: China
[2022-01-27 16:25:33,224] {logging_mixin.py:104} INFO - country: Colombia
[2022-01-27 16:25:33,232] {logging_mixin.py:104} INFO - country: Congo, Democratic Rep.
[2022-01-27 16:25:33,243] {logging_mixin.py:104} INFO - country: Costa Rica
[2022-01-27 16:25:33,253] {logging_mixin.py:104} INFO - country: Côte d'Ivoire
[2022-01-27 16:25:33,261] {logging_mixin.py:104} INFO - country: Croatia
[2022-01-27 16:25:33,271] {logging_mixin.py:104} INFO - country: Cyprus
[2022-01-27 16:25:33,280] {logging_mixin.py:104} INFO - country: Czech Republic
[2022-01-27 16:25:33,289] {logging_mixin.py:104} INFO - country: Denmark
[2022-01-27 16:25:33,297] {logging_mixin.py:104} INFO - country: Dominican Republic
[2022-01-27 16:25:33,307] {logging_mixin.py:104} INFO - country: Ecuador
[2022-01-27 16:25:33,317] {logging_mixin.py:104} INFO - country: Egypt
[2022-01-27 16:25:33,326] {logging_mixin.py:104} INFO - country: El Salvador
[2022-01-27 16:25:33,335] {logging_mixin.py:104} INFO - country: Estonia
[2022-01-27 16:25:33,344] {logging_mixin.py:104} INFO - country: Ethiopia
[2022-01-27 16:25:33,352] {logging_mixin.py:104} INFO - country: Finland
[2022-01-27 16:25:33,361] {logging_mixin.py:104} INFO - country: France
[2022-01-27 16:25:33,370] {logging_mixin.py:104} INFO - country: Gabon
[2022-01-27 16:25:33,379] {logging_mixin.py:104} INFO - country: Gambia, The
[2022-01-27 16:25:33,387] {logging_mixin.py:104} INFO - country: Georgia
[2022-01-27 16:25:33,396] {logging_mixin.py:104} INFO - country: Germany
[2022-01-27 16:25:33,405] {logging_mixin.py:104} INFO - country: Ghana
[2022-01-27 16:25:33,414] {logging_mixin.py:104} INFO - country: Greece
[2022-01-27 16:25:33,423] {logging_mixin.py:104} INFO - country: Guatemala
[2022-01-27 16:25:33,431] {logging_mixin.py:104} INFO - country: Guinea
[2022-01-27 16:25:33,440] {logging_mixin.py:104} INFO - country: Haiti
[2022-01-27 16:25:33,449] {logging_mixin.py:104} INFO - country: Honduras
[2022-01-27 16:25:33,458] {logging_mixin.py:104} INFO - country: Hong Kong SAR
[2022-01-27 16:25:33,467] {logging_mixin.py:104} INFO - country: Hungary
[2022-01-27 16:25:33,475] {logging_mixin.py:104} INFO - country: Iceland
[2022-01-27 16:25:33,484] {logging_mixin.py:104} INFO - country: India
[2022-01-27 16:25:33,493] {logging_mixin.py:104} INFO - country: Indonesia
[2022-01-27 16:25:33,502] {logging_mixin.py:104} INFO - country: Iran, Islamic Rep.
[2022-01-27 16:25:33,511] {logging_mixin.py:104} INFO - country: Ireland
[2022-01-27 16:25:33,520] {logging_mixin.py:104} INFO - country: Israel
[2022-01-27 16:25:33,529] {logging_mixin.py:104} INFO - country: Italy
[2022-01-27 16:25:33,537] {logging_mixin.py:104} INFO - country: Jamaica
[2022-01-27 16:25:33,546] {logging_mixin.py:104} INFO - country: Japan
[2022-01-27 16:25:33,555] {logging_mixin.py:104} INFO - country: Jordan
[2022-01-27 16:25:33,563] {logging_mixin.py:104} INFO - country: Kazakhstan
[2022-01-27 16:25:33,572] {logging_mixin.py:104} INFO - country: Kenya
[2022-01-27 16:25:33,581] {logging_mixin.py:104} INFO - country: Korea, Rep.
[2022-01-27 16:25:33,590] {logging_mixin.py:104} INFO - country: Kuwait
[2022-01-27 16:25:33,599] {logging_mixin.py:104} INFO - country: Kyrgyz Republic
[2022-01-27 16:25:33,607] {logging_mixin.py:104} INFO - country: Lao PDR
[2022-01-27 16:25:33,616] {logging_mixin.py:104} INFO - country: Latvia
[2022-01-27 16:25:33,626] {logging_mixin.py:104} INFO - country: Lebanon
[2022-01-27 16:25:33,634] {logging_mixin.py:104} INFO - country: Lesotho
[2022-01-27 16:25:33,643] {logging_mixin.py:104} INFO - country: Liberia
[2022-01-27 16:25:33,652] {logging_mixin.py:104} INFO - country: Lithuania
[2022-01-27 16:25:33,661] {logging_mixin.py:104} INFO - country: Luxembourg
[2022-01-27 16:25:33,670] {logging_mixin.py:104} INFO - country: North Macedonia
[2022-01-27 16:25:33,679] {logging_mixin.py:104} INFO - country: Madagascar
[2022-01-27 16:25:33,688] {logging_mixin.py:104} INFO - country: Malawi
[2022-01-27 16:25:33,697] {logging_mixin.py:104} INFO - country: Malaysia
[2022-01-27 16:25:33,706] {logging_mixin.py:104} INFO - country: Mali
[2022-01-27 16:25:33,714] {logging_mixin.py:104} INFO - country: Malta
[2022-01-27 16:25:33,723] {logging_mixin.py:104} INFO - country: Mauritania
[2022-01-27 16:25:33,732] {logging_mixin.py:104} INFO - country: Mauritius
[2022-01-27 16:25:33,741] {logging_mixin.py:104} INFO - country: Mexico
[2022-01-27 16:25:33,750] {logging_mixin.py:104} INFO - country: Moldova
[2022-01-27 16:25:33,758] {logging_mixin.py:104} INFO - country: Mongolia
[2022-01-27 16:25:33,767] {logging_mixin.py:104} INFO - country: Montenegro
[2022-01-27 16:25:33,776] {logging_mixin.py:104} INFO - country: Morocco
[2022-01-27 16:25:33,786] {logging_mixin.py:104} INFO - country: Mozambique
[2022-01-27 16:25:33,795] {logging_mixin.py:104} INFO - country: Namibia
[2022-01-27 16:25:33,804] {logging_mixin.py:104} INFO - country: Nepal
[2022-01-27 16:25:33,818] {logging_mixin.py:104} INFO - country: Netherlands
[2022-01-27 16:25:33,827] {logging_mixin.py:104} INFO - country: New Zealand
[2022-01-27 16:25:33,836] {logging_mixin.py:104} INFO - country: Nicaragua
[2022-01-27 16:25:33,846] {logging_mixin.py:104} INFO - country: Nigeria
[2022-01-27 16:25:33,855] {logging_mixin.py:104} INFO - country: Norway
[2022-01-27 16:25:33,863] {logging_mixin.py:104} INFO - country: Oman
[2022-01-27 16:25:33,878] {logging_mixin.py:104} INFO - country: Pakistan
[2022-01-27 16:25:33,888] {logging_mixin.py:104} INFO - country: Panama
[2022-01-27 16:25:33,899] {logging_mixin.py:104} INFO - country: Paraguay
[2022-01-27 16:25:33,908] {logging_mixin.py:104} INFO - country: Peru
[2022-01-27 16:25:33,917] {logging_mixin.py:104} INFO - country: Philippines
[2022-01-27 16:25:33,926] {logging_mixin.py:104} INFO - country: Poland
[2022-01-27 16:25:33,934] {logging_mixin.py:104} INFO - country: Portugal
[2022-01-27 16:25:33,943] {logging_mixin.py:104} INFO - country: Qatar
[2022-01-27 16:25:33,952] {logging_mixin.py:104} INFO - country: Romania
[2022-01-27 16:25:33,961] {logging_mixin.py:104} INFO - country: Russian Federation
[2022-01-27 16:25:33,969] {logging_mixin.py:104} INFO - country: Rwanda
[2022-01-27 16:25:33,978] {logging_mixin.py:104} INFO - country: Saudi Arabia
[2022-01-27 16:25:33,987] {logging_mixin.py:104} INFO - country: Senegal
[2022-01-27 16:25:33,995] {logging_mixin.py:104} INFO - country: Serbia
[2022-01-27 16:25:34,004] {logging_mixin.py:104} INFO - country: Seychelles
[2022-01-27 16:25:34,013] {logging_mixin.py:104} INFO - country: Sierra Leone
[2022-01-27 16:25:34,022] {logging_mixin.py:104} INFO - country: Singapore
[2022-01-27 16:25:34,030] {logging_mixin.py:104} INFO - country: Slovak Republic
[2022-01-27 16:25:34,039] {logging_mixin.py:104} INFO - country: Slovenia
[2022-01-27 16:25:34,048] {logging_mixin.py:104} INFO - country: South Africa
[2022-01-27 16:25:34,057] {logging_mixin.py:104} INFO - country: Spain
[2022-01-27 16:25:34,066] {logging_mixin.py:104} INFO - country: Sri Lanka
[2022-01-27 16:25:34,075] {logging_mixin.py:104} INFO - country: Eswatini
[2022-01-27 16:25:34,083] {logging_mixin.py:104} INFO - country: Sweden
[2022-01-27 16:25:34,092] {logging_mixin.py:104} INFO - country: Switzerland
[2022-01-27 16:25:34,102] {logging_mixin.py:104} INFO - country: Taiwan, China
[2022-01-27 16:25:34,111] {logging_mixin.py:104} INFO - country: Tajikistan
[2022-01-27 16:25:34,120] {logging_mixin.py:104} INFO - country: Tanzania
[2022-01-27 16:25:34,129] {logging_mixin.py:104} INFO - country: Thailand
[2022-01-27 16:25:34,138] {logging_mixin.py:104} INFO - country: Trinidad and Tobago
[2022-01-27 16:25:34,146] {logging_mixin.py:104} INFO - country: Tunisia
[2022-01-27 16:25:34,156] {logging_mixin.py:104} INFO - country: Turkey
[2022-01-27 16:25:34,165] {logging_mixin.py:104} INFO - country: Uganda
[2022-01-27 16:25:34,174] {logging_mixin.py:104} INFO - country: Ukraine
[2022-01-27 16:25:34,183] {logging_mixin.py:104} INFO - country: United Arab Emirates
[2022-01-27 16:25:34,192] {logging_mixin.py:104} INFO - country: United Kingdom
[2022-01-27 16:25:34,201] {logging_mixin.py:104} INFO - country: United States
[2022-01-27 16:25:34,209] {logging_mixin.py:104} INFO - country: Uruguay
[2022-01-27 16:25:34,218] {logging_mixin.py:104} INFO - country: Venezuela
[2022-01-27 16:25:34,227] {logging_mixin.py:104} INFO - country: Viet Nam
[2022-01-27 16:25:34,236] {logging_mixin.py:104} INFO - country: Yemen
[2022-01-27 16:25:34,244] {logging_mixin.py:104} INFO - country: Zambia
[2022-01-27 16:25:34,253] {logging_mixin.py:104} INFO - country: Zimbabwe
[2022-01-27 16:25:34,262] {logging_mixin.py:104} INFO - country: Average GCR
[2022-01-27 16:25:34,271] {logging_mixin.py:104} INFO - country: Europe and North America
[2022-01-27 16:25:34,280] {logging_mixin.py:104} INFO - country: Middle East and North Africa
[2022-01-27 16:25:34,289] {logging_mixin.py:104} INFO - country: Sub-Saharan Africa
[2022-01-27 16:25:34,297] {logging_mixin.py:104} INFO - country: Latin America and the Caribbean
[2022-01-27 16:25:34,306] {logging_mixin.py:104} INFO - country: Eurasia
[2022-01-27 16:25:34,315] {logging_mixin.py:104} INFO - country: East Asia and Pacific
[2022-01-27 16:25:34,323] {logging_mixin.py:104} INFO - country: South Asia
[2022-01-27 16:25:35,119] {python.py:151} INFO - Done. Returned value was: None
[2022-01-27 16:25:35,141] {taskinstance.py:1191} INFO - Marking task as SUCCESS. dag_id=cgi_40, task_id=etl, execution_date=20220127T162524, start_date=20220127T162529, end_date=20220127T162535
[2022-01-27 16:25:35,161] {taskinstance.py:1245} INFO - 1 downstream tasks scheduled from follow-on schedule check
[2022-01-27 16:25:35,204] {local_task_job.py:151} INFO - Task exited with return code 0
