[2022-01-27 16:28:22,310] {taskinstance.py:876} INFO - Dependencies all met for <TaskInstance: cgi_40.etl 2022-01-27T16:28:16.884428+00:00 [queued]>
[2022-01-27 16:28:22,318] {taskinstance.py:876} INFO - Dependencies all met for <TaskInstance: cgi_40.etl 2022-01-27T16:28:16.884428+00:00 [queued]>
[2022-01-27 16:28:22,318] {taskinstance.py:1067} INFO - 
--------------------------------------------------------------------------------
[2022-01-27 16:28:22,318] {taskinstance.py:1068} INFO - Starting attempt 1 of 1
[2022-01-27 16:28:22,318] {taskinstance.py:1069} INFO - 
--------------------------------------------------------------------------------
[2022-01-27 16:28:22,325] {taskinstance.py:1087} INFO - Executing <Task(PythonOperator): etl> on 2022-01-27T16:28:16.884428+00:00
[2022-01-27 16:28:22,332] {standard_task_runner.py:52} INFO - Started process 122 to run task
[2022-01-27 16:28:22,335] {standard_task_runner.py:76} INFO - Running: ['***', 'tasks', 'run', 'cgi_40', 'etl', '2022-01-27T16:28:16.884428+00:00', '--job-id', '22', '--pool', 'default_pool', '--raw', '--subdir', 'DAGS_FOLDER/cgi40_dag.py', '--cfg-path', '/tmp/tmp0762szwj', '--error-file', '/tmp/tmpy9xe7uf_']
[2022-01-27 16:28:22,335] {standard_task_runner.py:77} INFO - Job 22: Subtask etl
[2022-01-27 16:28:22,359] {logging_mixin.py:104} INFO - Running <TaskInstance: cgi_40.etl 2022-01-27T16:28:16.884428+00:00 [running]> on host ca77e06d0f72
[2022-01-27 16:28:22,386] {taskinstance.py:1282} INFO - Exporting the following env vars:
AIRFLOW_CTX_DAG_EMAIL=oulespaul@gmail.com
AIRFLOW_CTX_DAG_OWNER=ETDA
AIRFLOW_CTX_DAG_ID=cgi_40
AIRFLOW_CTX_TASK_ID=etl
AIRFLOW_CTX_EXECUTION_DATE=2022-01-27T16:28:16.884428+00:00
AIRFLOW_CTX_DAG_RUN_ID=manual__2022-01-27T16:28:16.884428+00:00
[2022-01-27 16:28:22,387] {logging_mixin.py:104} INFO - etl on progress...
[2022-01-27 16:28:26,303] {logging_mixin.py:104} INFO - country: Albania
[2022-01-27 16:28:26,312] {logging_mixin.py:104} INFO - country: Algeria
[2022-01-27 16:28:26,322] {logging_mixin.py:104} INFO - country: Angola
[2022-01-27 16:28:26,331] {logging_mixin.py:104} INFO - country: Argentina
[2022-01-27 16:28:26,339] {logging_mixin.py:104} INFO - country: Armenia
[2022-01-27 16:28:26,348] {logging_mixin.py:104} INFO - country: Australia
[2022-01-27 16:28:26,357] {logging_mixin.py:104} INFO - country: Austria
[2022-01-27 16:28:26,366] {logging_mixin.py:104} INFO - country: Azerbaijan
[2022-01-27 16:28:26,375] {logging_mixin.py:104} INFO - country: Bahrain
[2022-01-27 16:28:26,384] {logging_mixin.py:104} INFO - country: Bangladesh
[2022-01-27 16:28:26,392] {logging_mixin.py:104} INFO - country: Barbados
[2022-01-27 16:28:26,401] {logging_mixin.py:104} INFO - country: Belgium
[2022-01-27 16:28:26,410] {logging_mixin.py:104} INFO - country: Benin
[2022-01-27 16:28:26,419] {logging_mixin.py:104} INFO - country: Bosnia and Herzegovina
[2022-01-27 16:28:26,427] {logging_mixin.py:104} INFO - country: Bolivia
[2022-01-27 16:28:26,436] {logging_mixin.py:104} INFO - country: Botswana
[2022-01-27 16:28:26,445] {logging_mixin.py:104} INFO - country: Brazil
[2022-01-27 16:28:26,454] {logging_mixin.py:104} INFO - country: Brunei Darussalam
[2022-01-27 16:28:26,463] {logging_mixin.py:104} INFO - country: Bulgaria
[2022-01-27 16:28:26,471] {logging_mixin.py:104} INFO - country: Burkina Faso
[2022-01-27 16:28:26,480] {logging_mixin.py:104} INFO - country: Burundi
[2022-01-27 16:28:26,489] {logging_mixin.py:104} INFO - country: Cambodia
[2022-01-27 16:28:26,498] {logging_mixin.py:104} INFO - country: Cameroon
[2022-01-27 16:28:26,508] {logging_mixin.py:104} INFO - country: Canada
[2022-01-27 16:28:26,516] {logging_mixin.py:104} INFO - country: Cape Verde
[2022-01-27 16:28:26,525] {logging_mixin.py:104} INFO - country: Chad
[2022-01-27 16:28:26,534] {logging_mixin.py:104} INFO - country: Chile
[2022-01-27 16:28:26,543] {logging_mixin.py:104} INFO - country: China
[2022-01-27 16:28:26,553] {logging_mixin.py:104} INFO - country: Colombia
[2022-01-27 16:28:26,562] {logging_mixin.py:104} INFO - country: Congo, Democratic Rep.
[2022-01-27 16:28:26,572] {logging_mixin.py:104} INFO - country: Costa Rica
[2022-01-27 16:28:26,581] {logging_mixin.py:104} INFO - country: Côte d'Ivoire
[2022-01-27 16:28:26,590] {logging_mixin.py:104} INFO - country: Croatia
[2022-01-27 16:28:26,599] {logging_mixin.py:104} INFO - country: Cyprus
[2022-01-27 16:28:26,607] {logging_mixin.py:104} INFO - country: Czech Republic
[2022-01-27 16:28:26,616] {logging_mixin.py:104} INFO - country: Denmark
[2022-01-27 16:28:26,625] {logging_mixin.py:104} INFO - country: Dominican Republic
[2022-01-27 16:28:26,633] {logging_mixin.py:104} INFO - country: Ecuador
[2022-01-27 16:28:26,642] {logging_mixin.py:104} INFO - country: Egypt
[2022-01-27 16:28:26,651] {logging_mixin.py:104} INFO - country: El Salvador
[2022-01-27 16:28:26,660] {logging_mixin.py:104} INFO - country: Estonia
[2022-01-27 16:28:26,668] {logging_mixin.py:104} INFO - country: Ethiopia
[2022-01-27 16:28:26,677] {logging_mixin.py:104} INFO - country: Finland
[2022-01-27 16:28:26,687] {logging_mixin.py:104} INFO - country: France
[2022-01-27 16:28:26,696] {logging_mixin.py:104} INFO - country: Gabon
[2022-01-27 16:28:26,705] {logging_mixin.py:104} INFO - country: Gambia, The
[2022-01-27 16:28:26,714] {logging_mixin.py:104} INFO - country: Georgia
[2022-01-27 16:28:26,723] {logging_mixin.py:104} INFO - country: Germany
[2022-01-27 16:28:26,732] {logging_mixin.py:104} INFO - country: Ghana
[2022-01-27 16:28:26,740] {logging_mixin.py:104} INFO - country: Greece
[2022-01-27 16:28:26,749] {logging_mixin.py:104} INFO - country: Guatemala
[2022-01-27 16:28:26,759] {logging_mixin.py:104} INFO - country: Guinea
[2022-01-27 16:28:26,768] {logging_mixin.py:104} INFO - country: Haiti
[2022-01-27 16:28:26,776] {logging_mixin.py:104} INFO - country: Honduras
[2022-01-27 16:28:26,785] {logging_mixin.py:104} INFO - country: Hong Kong SAR
[2022-01-27 16:28:26,794] {logging_mixin.py:104} INFO - country: Hungary
[2022-01-27 16:28:26,803] {logging_mixin.py:104} INFO - country: Iceland
[2022-01-27 16:28:26,812] {logging_mixin.py:104} INFO - country: India
[2022-01-27 16:28:26,821] {logging_mixin.py:104} INFO - country: Indonesia
[2022-01-27 16:28:26,829] {logging_mixin.py:104} INFO - country: Iran, Islamic Rep.
[2022-01-27 16:28:26,838] {logging_mixin.py:104} INFO - country: Ireland
[2022-01-27 16:28:26,847] {logging_mixin.py:104} INFO - country: Israel
[2022-01-27 16:28:26,856] {logging_mixin.py:104} INFO - country: Italy
[2022-01-27 16:28:26,865] {logging_mixin.py:104} INFO - country: Jamaica
[2022-01-27 16:28:26,874] {logging_mixin.py:104} INFO - country: Japan
[2022-01-27 16:28:26,883] {logging_mixin.py:104} INFO - country: Jordan
[2022-01-27 16:28:26,892] {logging_mixin.py:104} INFO - country: Kazakhstan
[2022-01-27 16:28:26,900] {logging_mixin.py:104} INFO - country: Kenya
[2022-01-27 16:28:26,909] {logging_mixin.py:104} INFO - country: Korea, Rep.
[2022-01-27 16:28:26,918] {logging_mixin.py:104} INFO - country: Kuwait
[2022-01-27 16:28:26,927] {logging_mixin.py:104} INFO - country: Kyrgyz Republic
[2022-01-27 16:28:26,935] {logging_mixin.py:104} INFO - country: Lao PDR
[2022-01-27 16:28:26,947] {logging_mixin.py:104} INFO - country: Latvia
[2022-01-27 16:28:26,956] {logging_mixin.py:104} INFO - country: Lebanon
[2022-01-27 16:28:26,967] {logging_mixin.py:104} INFO - country: Lesotho
[2022-01-27 16:28:26,977] {logging_mixin.py:104} INFO - country: Liberia
[2022-01-27 16:28:26,986] {logging_mixin.py:104} INFO - country: Lithuania
[2022-01-27 16:28:26,995] {logging_mixin.py:104} INFO - country: Luxembourg
[2022-01-27 16:28:27,005] {logging_mixin.py:104} INFO - country: North Macedonia
[2022-01-27 16:28:27,015] {logging_mixin.py:104} INFO - country: Madagascar
[2022-01-27 16:28:27,023] {logging_mixin.py:104} INFO - country: Malawi
[2022-01-27 16:28:27,033] {logging_mixin.py:104} INFO - country: Malaysia
[2022-01-27 16:28:27,042] {logging_mixin.py:104} INFO - country: Mali
[2022-01-27 16:28:27,051] {logging_mixin.py:104} INFO - country: Malta
[2022-01-27 16:28:27,059] {logging_mixin.py:104} INFO - country: Mauritania
[2022-01-27 16:28:27,068] {logging_mixin.py:104} INFO - country: Mauritius
[2022-01-27 16:28:27,078] {logging_mixin.py:104} INFO - country: Mexico
[2022-01-27 16:28:27,087] {logging_mixin.py:104} INFO - country: Moldova
[2022-01-27 16:28:27,096] {logging_mixin.py:104} INFO - country: Mongolia
[2022-01-27 16:28:27,105] {logging_mixin.py:104} INFO - country: Montenegro
[2022-01-27 16:28:27,114] {logging_mixin.py:104} INFO - country: Morocco
[2022-01-27 16:28:27,125] {logging_mixin.py:104} INFO - country: Mozambique
[2022-01-27 16:28:27,136] {logging_mixin.py:104} INFO - country: Namibia
[2022-01-27 16:28:27,146] {logging_mixin.py:104} INFO - country: Nepal
[2022-01-27 16:28:27,155] {logging_mixin.py:104} INFO - country: Netherlands
[2022-01-27 16:28:27,165] {logging_mixin.py:104} INFO - country: New Zealand
[2022-01-27 16:28:27,174] {logging_mixin.py:104} INFO - country: Nicaragua
[2022-01-27 16:28:27,183] {logging_mixin.py:104} INFO - country: Nigeria
[2022-01-27 16:28:27,195] {logging_mixin.py:104} INFO - country: Norway
[2022-01-27 16:28:27,204] {logging_mixin.py:104} INFO - country: Oman
[2022-01-27 16:28:27,214] {logging_mixin.py:104} INFO - country: Pakistan
[2022-01-27 16:28:27,222] {logging_mixin.py:104} INFO - country: Panama
[2022-01-27 16:28:27,231] {logging_mixin.py:104} INFO - country: Paraguay
[2022-01-27 16:28:27,240] {logging_mixin.py:104} INFO - country: Peru
[2022-01-27 16:28:27,249] {logging_mixin.py:104} INFO - country: Philippines
[2022-01-27 16:28:27,258] {logging_mixin.py:104} INFO - country: Poland
[2022-01-27 16:28:27,267] {logging_mixin.py:104} INFO - country: Portugal
[2022-01-27 16:28:27,276] {logging_mixin.py:104} INFO - country: Qatar
[2022-01-27 16:28:27,285] {logging_mixin.py:104} INFO - country: Romania
[2022-01-27 16:28:27,294] {logging_mixin.py:104} INFO - country: Russian Federation
[2022-01-27 16:28:27,303] {logging_mixin.py:104} INFO - country: Rwanda
[2022-01-27 16:28:27,312] {logging_mixin.py:104} INFO - country: Saudi Arabia
[2022-01-27 16:28:27,320] {logging_mixin.py:104} INFO - country: Senegal
[2022-01-27 16:28:27,329] {logging_mixin.py:104} INFO - country: Serbia
[2022-01-27 16:28:27,338] {logging_mixin.py:104} INFO - country: Seychelles
[2022-01-27 16:28:27,347] {logging_mixin.py:104} INFO - country: Sierra Leone
[2022-01-27 16:28:27,356] {logging_mixin.py:104} INFO - country: Singapore
[2022-01-27 16:28:27,366] {logging_mixin.py:104} INFO - country: Slovak Republic
[2022-01-27 16:28:27,376] {logging_mixin.py:104} INFO - country: Slovenia
[2022-01-27 16:28:27,385] {logging_mixin.py:104} INFO - country: South Africa
[2022-01-27 16:28:27,394] {logging_mixin.py:104} INFO - country: Spain
[2022-01-27 16:28:27,403] {logging_mixin.py:104} INFO - country: Sri Lanka
[2022-01-27 16:28:27,412] {logging_mixin.py:104} INFO - country: Eswatini
[2022-01-27 16:28:27,421] {logging_mixin.py:104} INFO - country: Sweden
[2022-01-27 16:28:27,430] {logging_mixin.py:104} INFO - country: Switzerland
[2022-01-27 16:28:27,439] {logging_mixin.py:104} INFO - country: Taiwan, China
[2022-01-27 16:28:27,449] {logging_mixin.py:104} INFO - country: Tajikistan
[2022-01-27 16:28:27,458] {logging_mixin.py:104} INFO - country: Tanzania
[2022-01-27 16:28:27,468] {logging_mixin.py:104} INFO - country: Thailand
[2022-01-27 16:28:27,477] {logging_mixin.py:104} INFO - country: Trinidad and Tobago
[2022-01-27 16:28:27,486] {logging_mixin.py:104} INFO - country: Tunisia
[2022-01-27 16:28:27,494] {logging_mixin.py:104} INFO - country: Turkey
[2022-01-27 16:28:27,503] {logging_mixin.py:104} INFO - country: Uganda
[2022-01-27 16:28:27,512] {logging_mixin.py:104} INFO - country: Ukraine
[2022-01-27 16:28:27,521] {logging_mixin.py:104} INFO - country: United Arab Emirates
[2022-01-27 16:28:27,530] {logging_mixin.py:104} INFO - country: United Kingdom
[2022-01-27 16:28:27,538] {logging_mixin.py:104} INFO - country: United States
[2022-01-27 16:28:27,547] {logging_mixin.py:104} INFO - country: Uruguay
[2022-01-27 16:28:27,556] {logging_mixin.py:104} INFO - country: Venezuela
[2022-01-27 16:28:27,565] {logging_mixin.py:104} INFO - country: Viet Nam
[2022-01-27 16:28:27,574] {logging_mixin.py:104} INFO - country: Yemen
[2022-01-27 16:28:27,583] {logging_mixin.py:104} INFO - country: Zambia
[2022-01-27 16:28:27,592] {logging_mixin.py:104} INFO - country: Zimbabwe
[2022-01-27 16:28:27,600] {logging_mixin.py:104} INFO - country: Average GCR
[2022-01-27 16:28:27,609] {logging_mixin.py:104} INFO - country: Europe and North America
[2022-01-27 16:28:27,618] {logging_mixin.py:104} INFO - country: Middle East and North Africa
[2022-01-27 16:28:27,627] {logging_mixin.py:104} INFO - country: Sub-Saharan Africa
[2022-01-27 16:28:27,635] {logging_mixin.py:104} INFO - country: Latin America and the Caribbean
[2022-01-27 16:28:27,644] {logging_mixin.py:104} INFO - country: Eurasia
[2022-01-27 16:28:27,653] {logging_mixin.py:104} INFO - country: East Asia and Pacific
[2022-01-27 16:28:27,662] {logging_mixin.py:104} INFO - country: South Asia
[2022-01-27 16:28:28,455] {python.py:151} INFO - Done. Returned value was: None
[2022-01-27 16:28:28,495] {taskinstance.py:1191} INFO - Marking task as SUCCESS. dag_id=cgi_40, task_id=etl, execution_date=20220127T162816, start_date=20220127T162822, end_date=20220127T162828
[2022-01-27 16:28:28,515] {taskinstance.py:1245} INFO - 1 downstream tasks scheduled from follow-on schedule check
[2022-01-27 16:28:28,552] {local_task_job.py:151} INFO - Task exited with return code 0
