[2022-01-27 16:03:56,828] {taskinstance.py:876} INFO - Dependencies all met for <TaskInstance: cgi_40.etl 2022-01-27T16:03:52.272198+00:00 [queued]>
[2022-01-27 16:03:56,836] {taskinstance.py:876} INFO - Dependencies all met for <TaskInstance: cgi_40.etl 2022-01-27T16:03:52.272198+00:00 [queued]>
[2022-01-27 16:03:56,836] {taskinstance.py:1067} INFO - 
--------------------------------------------------------------------------------
[2022-01-27 16:03:56,836] {taskinstance.py:1068} INFO - Starting attempt 1 of 1
[2022-01-27 16:03:56,836] {taskinstance.py:1069} INFO - 
--------------------------------------------------------------------------------
[2022-01-27 16:03:56,844] {taskinstance.py:1087} INFO - Executing <Task(PythonOperator): etl> on 2022-01-27T16:03:52.272198+00:00
[2022-01-27 16:03:56,851] {standard_task_runner.py:52} INFO - Started process 74 to run task
[2022-01-27 16:03:56,853] {standard_task_runner.py:76} INFO - Running: ['***', 'tasks', 'run', 'cgi_40', 'etl', '2022-01-27T16:03:52.272198+00:00', '--job-id', '4', '--pool', 'default_pool', '--raw', '--subdir', 'DAGS_FOLDER/cgi40_dag.py', '--cfg-path', '/tmp/tmpr1wdc948', '--error-file', '/tmp/tmp6njuiik0']
[2022-01-27 16:03:56,853] {standard_task_runner.py:77} INFO - Job 4: Subtask etl
[2022-01-27 16:03:56,877] {logging_mixin.py:104} INFO - Running <TaskInstance: cgi_40.etl 2022-01-27T16:03:52.272198+00:00 [running]> on host ca77e06d0f72
[2022-01-27 16:03:56,905] {taskinstance.py:1282} INFO - Exporting the following env vars:
AIRFLOW_CTX_DAG_EMAIL=oulespaul@gmail.com
AIRFLOW_CTX_DAG_OWNER=ETDA
AIRFLOW_CTX_DAG_ID=cgi_40
AIRFLOW_CTX_TASK_ID=etl
AIRFLOW_CTX_EXECUTION_DATE=2022-01-27T16:03:52.272198+00:00
AIRFLOW_CTX_DAG_RUN_ID=manual__2022-01-27T16:03:52.272198+00:00
[2022-01-27 16:03:56,905] {logging_mixin.py:104} INFO - etl on progress...
[2022-01-27 16:04:00,814] {logging_mixin.py:104} INFO - country: Albania
[2022-01-27 16:04:00,823] {logging_mixin.py:104} INFO - country: Algeria
[2022-01-27 16:04:00,832] {logging_mixin.py:104} INFO - country: Angola
[2022-01-27 16:04:00,841] {logging_mixin.py:104} INFO - country: Argentina
[2022-01-27 16:04:00,850] {logging_mixin.py:104} INFO - country: Armenia
[2022-01-27 16:04:00,859] {logging_mixin.py:104} INFO - country: Australia
[2022-01-27 16:04:00,868] {logging_mixin.py:104} INFO - country: Austria
[2022-01-27 16:04:00,877] {logging_mixin.py:104} INFO - country: Azerbaijan
[2022-01-27 16:04:00,885] {logging_mixin.py:104} INFO - country: Bahrain
[2022-01-27 16:04:00,894] {logging_mixin.py:104} INFO - country: Bangladesh
[2022-01-27 16:04:00,903] {logging_mixin.py:104} INFO - country: Barbados
[2022-01-27 16:04:00,912] {logging_mixin.py:104} INFO - country: Belgium
[2022-01-27 16:04:00,921] {logging_mixin.py:104} INFO - country: Benin
[2022-01-27 16:04:00,929] {logging_mixin.py:104} INFO - country: Bosnia and Herzegovina
[2022-01-27 16:04:00,940] {logging_mixin.py:104} INFO - country: Bolivia
[2022-01-27 16:04:00,949] {logging_mixin.py:104} INFO - country: Botswana
[2022-01-27 16:04:00,958] {logging_mixin.py:104} INFO - country: Brazil
[2022-01-27 16:04:00,967] {logging_mixin.py:104} INFO - country: Brunei Darussalam
[2022-01-27 16:04:00,976] {logging_mixin.py:104} INFO - country: Bulgaria
[2022-01-27 16:04:00,984] {logging_mixin.py:104} INFO - country: Burkina Faso
[2022-01-27 16:04:00,993] {logging_mixin.py:104} INFO - country: Burundi
[2022-01-27 16:04:01,002] {logging_mixin.py:104} INFO - country: Cambodia
[2022-01-27 16:04:01,011] {logging_mixin.py:104} INFO - country: Cameroon
[2022-01-27 16:04:01,019] {logging_mixin.py:104} INFO - country: Canada
[2022-01-27 16:04:01,028] {logging_mixin.py:104} INFO - country: Cape Verde
[2022-01-27 16:04:01,037] {logging_mixin.py:104} INFO - country: Chad
[2022-01-27 16:04:01,046] {logging_mixin.py:104} INFO - country: Chile
[2022-01-27 16:04:01,055] {logging_mixin.py:104} INFO - country: China
[2022-01-27 16:04:01,063] {logging_mixin.py:104} INFO - country: Colombia
[2022-01-27 16:04:01,072] {logging_mixin.py:104} INFO - country: Congo, Democratic Rep.
[2022-01-27 16:04:01,083] {logging_mixin.py:104} INFO - country: Costa Rica
[2022-01-27 16:04:01,092] {logging_mixin.py:104} INFO - country: Côte d'Ivoire
[2022-01-27 16:04:01,101] {logging_mixin.py:104} INFO - country: Croatia
[2022-01-27 16:04:01,114] {logging_mixin.py:104} INFO - country: Cyprus
[2022-01-27 16:04:01,123] {logging_mixin.py:104} INFO - country: Czech Republic
[2022-01-27 16:04:01,132] {logging_mixin.py:104} INFO - country: Denmark
[2022-01-27 16:04:01,142] {logging_mixin.py:104} INFO - country: Dominican Republic
[2022-01-27 16:04:01,155] {logging_mixin.py:104} INFO - country: Ecuador
[2022-01-27 16:04:01,169] {logging_mixin.py:104} INFO - country: Egypt
[2022-01-27 16:04:01,178] {logging_mixin.py:104} INFO - country: El Salvador
[2022-01-27 16:04:01,186] {logging_mixin.py:104} INFO - country: Estonia
[2022-01-27 16:04:01,195] {logging_mixin.py:104} INFO - country: Ethiopia
[2022-01-27 16:04:01,204] {logging_mixin.py:104} INFO - country: Finland
[2022-01-27 16:04:01,213] {logging_mixin.py:104} INFO - country: France
[2022-01-27 16:04:01,221] {logging_mixin.py:104} INFO - country: Gabon
[2022-01-27 16:04:01,230] {logging_mixin.py:104} INFO - country: Gambia, The
[2022-01-27 16:04:01,239] {logging_mixin.py:104} INFO - country: Georgia
[2022-01-27 16:04:01,247] {logging_mixin.py:104} INFO - country: Germany
[2022-01-27 16:04:01,256] {logging_mixin.py:104} INFO - country: Ghana
[2022-01-27 16:04:01,265] {logging_mixin.py:104} INFO - country: Greece
[2022-01-27 16:04:01,274] {logging_mixin.py:104} INFO - country: Guatemala
[2022-01-27 16:04:01,282] {logging_mixin.py:104} INFO - country: Guinea
[2022-01-27 16:04:01,291] {logging_mixin.py:104} INFO - country: Haiti
[2022-01-27 16:04:01,300] {logging_mixin.py:104} INFO - country: Honduras
[2022-01-27 16:04:01,309] {logging_mixin.py:104} INFO - country: Hong Kong SAR
[2022-01-27 16:04:01,317] {logging_mixin.py:104} INFO - country: Hungary
[2022-01-27 16:04:01,326] {logging_mixin.py:104} INFO - country: Iceland
[2022-01-27 16:04:01,335] {logging_mixin.py:104} INFO - country: India
[2022-01-27 16:04:01,343] {logging_mixin.py:104} INFO - country: Indonesia
[2022-01-27 16:04:01,352] {logging_mixin.py:104} INFO - country: Iran, Islamic Rep.
[2022-01-27 16:04:01,361] {logging_mixin.py:104} INFO - country: Ireland
[2022-01-27 16:04:01,370] {logging_mixin.py:104} INFO - country: Israel
[2022-01-27 16:04:01,378] {logging_mixin.py:104} INFO - country: Italy
[2022-01-27 16:04:01,387] {logging_mixin.py:104} INFO - country: Jamaica
[2022-01-27 16:04:01,396] {logging_mixin.py:104} INFO - country: Japan
[2022-01-27 16:04:01,405] {logging_mixin.py:104} INFO - country: Jordan
[2022-01-27 16:04:01,413] {logging_mixin.py:104} INFO - country: Kazakhstan
[2022-01-27 16:04:01,423] {logging_mixin.py:104} INFO - country: Kenya
[2022-01-27 16:04:01,431] {logging_mixin.py:104} INFO - country: Korea, Rep.
[2022-01-27 16:04:01,440] {logging_mixin.py:104} INFO - country: Kuwait
[2022-01-27 16:04:01,449] {logging_mixin.py:104} INFO - country: Kyrgyz Republic
[2022-01-27 16:04:01,458] {logging_mixin.py:104} INFO - country: Lao PDR
[2022-01-27 16:04:01,467] {logging_mixin.py:104} INFO - country: Latvia
[2022-01-27 16:04:01,476] {logging_mixin.py:104} INFO - country: Lebanon
[2022-01-27 16:04:01,485] {logging_mixin.py:104} INFO - country: Lesotho
[2022-01-27 16:04:01,494] {logging_mixin.py:104} INFO - country: Liberia
[2022-01-27 16:04:01,502] {logging_mixin.py:104} INFO - country: Lithuania
[2022-01-27 16:04:01,511] {logging_mixin.py:104} INFO - country: Luxembourg
[2022-01-27 16:04:01,520] {logging_mixin.py:104} INFO - country: North Macedonia
[2022-01-27 16:04:01,529] {logging_mixin.py:104} INFO - country: Madagascar
[2022-01-27 16:04:01,537] {logging_mixin.py:104} INFO - country: Malawi
[2022-01-27 16:04:01,546] {logging_mixin.py:104} INFO - country: Malaysia
[2022-01-27 16:04:01,555] {logging_mixin.py:104} INFO - country: Mali
[2022-01-27 16:04:01,564] {logging_mixin.py:104} INFO - country: Malta
[2022-01-27 16:04:01,574] {logging_mixin.py:104} INFO - country: Mauritania
[2022-01-27 16:04:01,583] {logging_mixin.py:104} INFO - country: Mauritius
[2022-01-27 16:04:01,593] {logging_mixin.py:104} INFO - country: Mexico
[2022-01-27 16:04:01,602] {logging_mixin.py:104} INFO - country: Moldova
[2022-01-27 16:04:01,611] {logging_mixin.py:104} INFO - country: Mongolia
[2022-01-27 16:04:01,619] {logging_mixin.py:104} INFO - country: Montenegro
[2022-01-27 16:04:01,628] {logging_mixin.py:104} INFO - country: Morocco
[2022-01-27 16:04:01,637] {logging_mixin.py:104} INFO - country: Mozambique
[2022-01-27 16:04:01,646] {logging_mixin.py:104} INFO - country: Namibia
[2022-01-27 16:04:01,654] {logging_mixin.py:104} INFO - country: Nepal
[2022-01-27 16:04:01,663] {logging_mixin.py:104} INFO - country: Netherlands
[2022-01-27 16:04:01,672] {logging_mixin.py:104} INFO - country: New Zealand
[2022-01-27 16:04:01,681] {logging_mixin.py:104} INFO - country: Nicaragua
[2022-01-27 16:04:01,689] {logging_mixin.py:104} INFO - country: Nigeria
[2022-01-27 16:04:01,698] {logging_mixin.py:104} INFO - country: Norway
[2022-01-27 16:04:01,707] {logging_mixin.py:104} INFO - country: Oman
[2022-01-27 16:04:01,716] {logging_mixin.py:104} INFO - country: Pakistan
[2022-01-27 16:04:01,724] {logging_mixin.py:104} INFO - country: Panama
[2022-01-27 16:04:01,733] {logging_mixin.py:104} INFO - country: Paraguay
[2022-01-27 16:04:01,742] {logging_mixin.py:104} INFO - country: Peru
[2022-01-27 16:04:01,750] {logging_mixin.py:104} INFO - country: Philippines
[2022-01-27 16:04:01,759] {logging_mixin.py:104} INFO - country: Poland
[2022-01-27 16:04:01,768] {logging_mixin.py:104} INFO - country: Portugal
[2022-01-27 16:04:01,777] {logging_mixin.py:104} INFO - country: Qatar
[2022-01-27 16:04:01,785] {logging_mixin.py:104} INFO - country: Romania
[2022-01-27 16:04:01,794] {logging_mixin.py:104} INFO - country: Russian Federation
[2022-01-27 16:04:01,803] {logging_mixin.py:104} INFO - country: Rwanda
[2022-01-27 16:04:01,811] {logging_mixin.py:104} INFO - country: Saudi Arabia
[2022-01-27 16:04:01,820] {logging_mixin.py:104} INFO - country: Senegal
[2022-01-27 16:04:01,829] {logging_mixin.py:104} INFO - country: Serbia
[2022-01-27 16:04:01,837] {logging_mixin.py:104} INFO - country: Seychelles
[2022-01-27 16:04:01,846] {logging_mixin.py:104} INFO - country: Sierra Leone
[2022-01-27 16:04:01,855] {logging_mixin.py:104} INFO - country: Singapore
[2022-01-27 16:04:01,863] {logging_mixin.py:104} INFO - country: Slovak Republic
[2022-01-27 16:04:01,872] {logging_mixin.py:104} INFO - country: Slovenia
[2022-01-27 16:04:01,882] {logging_mixin.py:104} INFO - country: South Africa
[2022-01-27 16:04:01,891] {logging_mixin.py:104} INFO - country: Spain
[2022-01-27 16:04:01,900] {logging_mixin.py:104} INFO - country: Sri Lanka
[2022-01-27 16:04:01,909] {logging_mixin.py:104} INFO - country: Eswatini
[2022-01-27 16:04:01,918] {logging_mixin.py:104} INFO - country: Sweden
[2022-01-27 16:04:01,927] {logging_mixin.py:104} INFO - country: Switzerland
[2022-01-27 16:04:01,936] {logging_mixin.py:104} INFO - country: Taiwan, China
[2022-01-27 16:04:01,944] {logging_mixin.py:104} INFO - country: Tajikistan
[2022-01-27 16:04:01,953] {logging_mixin.py:104} INFO - country: Tanzania
[2022-01-27 16:04:01,962] {logging_mixin.py:104} INFO - country: Thailand
[2022-01-27 16:04:01,970] {logging_mixin.py:104} INFO - country: Trinidad and Tobago
[2022-01-27 16:04:01,979] {logging_mixin.py:104} INFO - country: Tunisia
[2022-01-27 16:04:01,988] {logging_mixin.py:104} INFO - country: Turkey
[2022-01-27 16:04:01,997] {logging_mixin.py:104} INFO - country: Uganda
[2022-01-27 16:04:02,005] {logging_mixin.py:104} INFO - country: Ukraine
[2022-01-27 16:04:02,015] {logging_mixin.py:104} INFO - country: United Arab Emirates
[2022-01-27 16:04:02,023] {logging_mixin.py:104} INFO - country: United Kingdom
[2022-01-27 16:04:02,032] {logging_mixin.py:104} INFO - country: United States
[2022-01-27 16:04:02,041] {logging_mixin.py:104} INFO - country: Uruguay
[2022-01-27 16:04:02,049] {logging_mixin.py:104} INFO - country: Venezuela
[2022-01-27 16:04:02,058] {logging_mixin.py:104} INFO - country: Viet Nam
[2022-01-27 16:04:02,067] {logging_mixin.py:104} INFO - country: Yemen
[2022-01-27 16:04:02,075] {logging_mixin.py:104} INFO - country: Zambia
[2022-01-27 16:04:02,084] {logging_mixin.py:104} INFO - country: Zimbabwe
[2022-01-27 16:04:02,093] {logging_mixin.py:104} INFO - country: Average GCR
[2022-01-27 16:04:02,102] {logging_mixin.py:104} INFO - country: Europe and North America
[2022-01-27 16:04:02,110] {logging_mixin.py:104} INFO - country: Middle East and North Africa
[2022-01-27 16:04:02,119] {logging_mixin.py:104} INFO - country: Sub-Saharan Africa
[2022-01-27 16:04:02,128] {logging_mixin.py:104} INFO - country: Latin America and the Caribbean
[2022-01-27 16:04:02,137] {logging_mixin.py:104} INFO - country: Eurasia
[2022-01-27 16:04:02,145] {logging_mixin.py:104} INFO - country: East Asia and Pacific
[2022-01-27 16:04:02,154] {logging_mixin.py:104} INFO - country: South Asia
[2022-01-27 16:04:02,942] {python.py:151} INFO - Done. Returned value was: None
[2022-01-27 16:04:02,950] {taskinstance.py:1191} INFO - Marking task as SUCCESS. dag_id=cgi_40, task_id=etl, execution_date=20220127T160352, start_date=20220127T160356, end_date=20220127T160402
[2022-01-27 16:04:02,966] {taskinstance.py:1245} INFO - 1 downstream tasks scheduled from follow-on schedule check
[2022-01-27 16:04:02,989] {local_task_job.py:151} INFO - Task exited with return code 0
