[2022-01-27 16:18:22,228] {taskinstance.py:876} INFO - Dependencies all met for <TaskInstance: cgi_40.load_data_source 2022-01-27T16:18:21.052373+00:00 [queued]>
[2022-01-27 16:18:22,236] {taskinstance.py:876} INFO - Dependencies all met for <TaskInstance: cgi_40.load_data_source 2022-01-27T16:18:21.052373+00:00 [queued]>
[2022-01-27 16:18:22,236] {taskinstance.py:1067} INFO - 
--------------------------------------------------------------------------------
[2022-01-27 16:18:22,236] {taskinstance.py:1068} INFO - Starting attempt 1 of 1
[2022-01-27 16:18:22,237] {taskinstance.py:1069} INFO - 
--------------------------------------------------------------------------------
[2022-01-27 16:18:22,244] {taskinstance.py:1087} INFO - Executing <Task(BashOperator): load_data_source> on 2022-01-27T16:18:21.052373+00:00
[2022-01-27 16:18:22,252] {standard_task_runner.py:52} INFO - Started process 94 to run task
[2022-01-27 16:18:22,255] {standard_task_runner.py:76} INFO - Running: ['***', 'tasks', 'run', 'cgi_40', 'load_data_source', '2022-01-27T16:18:21.052373+00:00', '--job-id', '12', '--pool', 'default_pool', '--raw', '--subdir', 'DAGS_FOLDER/cgi40_dag.py', '--cfg-path', '/tmp/tmpwlfcz7a2', '--error-file', '/tmp/tmpz70d2svf']
[2022-01-27 16:18:22,255] {standard_task_runner.py:77} INFO - Job 12: Subtask load_data_source
[2022-01-27 16:18:22,282] {logging_mixin.py:104} INFO - Running <TaskInstance: cgi_40.load_data_source 2022-01-27T16:18:21.052373+00:00 [running]> on host ca77e06d0f72
[2022-01-27 16:18:22,313] {taskinstance.py:1282} INFO - Exporting the following env vars:
AIRFLOW_CTX_DAG_EMAIL=oulespaul@gmail.com
AIRFLOW_CTX_DAG_OWNER=ETDA
AIRFLOW_CTX_DAG_ID=cgi_40
AIRFLOW_CTX_TASK_ID=load_data_source
AIRFLOW_CTX_EXECUTION_DATE=2022-01-27T16:18:21.052373+00:00
AIRFLOW_CTX_DAG_RUN_ID=manual__2022-01-27T16:18:21.052373+00:00
[2022-01-27 16:18:22,314] {subprocess.py:52} INFO - Tmp dir root location: 
 /tmp
[2022-01-27 16:18:22,315] {subprocess.py:63} INFO - Running command: ['bash', '-c', 'cd /opt/***/dags/data_source &&  curl -LfO "https://www.teknologisk.dk/_/media/76459_GCR%2017-19%20Dataset.xlsx"']
[2022-01-27 16:18:22,322] {subprocess.py:75} INFO - Output:
[2022-01-27 16:18:22,330] {subprocess.py:79} INFO -   % Total    % Received % Xferd  Average Speed   Time    Time     Time  Current
[2022-01-27 16:18:22,330] {subprocess.py:79} INFO -                                  Dload  Upload   Total   Spent    Left  Speed
[2022-01-27 16:18:25,100] {subprocess.py:79} INFO -   0     0    0     0    0     0      0      0 --:--:-- --:--:-- --:--:--     0  0     0    0     0    0     0      0      0 --:--:-- --:--:-- --:--:--     0  9 1916k    9  191k    0     0   107k      0  0:00:17  0:00:01  0:00:16  107k 78 1916k   78 1503k    0     0   543k      0  0:00:03  0:00:02  0:00:01  543k100 1916k  100 1916k    0     0   691k      0  0:00:02  0:00:02 --:--:--  691k
[2022-01-27 16:18:25,101] {subprocess.py:83} INFO - Command exited with return code 0
[2022-01-27 16:18:25,120] {taskinstance.py:1191} INFO - Marking task as SUCCESS. dag_id=cgi_40, task_id=load_data_source, execution_date=20220127T161821, start_date=20220127T161822, end_date=20220127T161825
[2022-01-27 16:18:25,139] {taskinstance.py:1245} INFO - 1 downstream tasks scheduled from follow-on schedule check
[2022-01-27 16:18:25,153] {local_task_job.py:151} INFO - Task exited with return code 0
