[2022-01-27 16:17:39,081] {taskinstance.py:876} INFO - Dependencies all met for <TaskInstance: cgi_40.etl 2022-01-27T16:17:35.471531+00:00 [queued]>
[2022-01-27 16:17:39,089] {taskinstance.py:876} INFO - Dependencies all met for <TaskInstance: cgi_40.etl 2022-01-27T16:17:35.471531+00:00 [queued]>
[2022-01-27 16:17:39,089] {taskinstance.py:1067} INFO - 
--------------------------------------------------------------------------------
[2022-01-27 16:17:39,089] {taskinstance.py:1068} INFO - Starting attempt 1 of 1
[2022-01-27 16:17:39,089] {taskinstance.py:1069} INFO - 
--------------------------------------------------------------------------------
[2022-01-27 16:17:39,101] {taskinstance.py:1087} INFO - Executing <Task(PythonOperator): etl> on 2022-01-27T16:17:35.471531+00:00
[2022-01-27 16:17:39,108] {standard_task_runner.py:52} INFO - Started process 90 to run task
[2022-01-27 16:17:39,111] {standard_task_runner.py:76} INFO - Running: ['***', 'tasks', 'run', 'cgi_40', 'etl', '2022-01-27T16:17:35.471531+00:00', '--job-id', '10', '--pool', 'default_pool', '--raw', '--subdir', 'DAGS_FOLDER/cgi40_dag.py', '--cfg-path', '/tmp/tmpk03j2qun', '--error-file', '/tmp/tmpvocas_t8']
[2022-01-27 16:17:39,111] {standard_task_runner.py:77} INFO - Job 10: Subtask etl
[2022-01-27 16:17:39,137] {logging_mixin.py:104} INFO - Running <TaskInstance: cgi_40.etl 2022-01-27T16:17:35.471531+00:00 [running]> on host ca77e06d0f72
[2022-01-27 16:17:39,166] {taskinstance.py:1282} INFO - Exporting the following env vars:
AIRFLOW_CTX_DAG_EMAIL=oulespaul@gmail.com
AIRFLOW_CTX_DAG_OWNER=ETDA
AIRFLOW_CTX_DAG_ID=cgi_40
AIRFLOW_CTX_TASK_ID=etl
AIRFLOW_CTX_EXECUTION_DATE=2022-01-27T16:17:35.471531+00:00
AIRFLOW_CTX_DAG_RUN_ID=manual__2022-01-27T16:17:35.471531+00:00
[2022-01-27 16:17:39,167] {logging_mixin.py:104} INFO - etl on progress...
[2022-01-27 16:17:43,096] {logging_mixin.py:104} INFO - country: Albania
[2022-01-27 16:17:43,105] {logging_mixin.py:104} INFO - country: Algeria
[2022-01-27 16:17:43,115] {logging_mixin.py:104} INFO - country: Angola
[2022-01-27 16:17:43,124] {logging_mixin.py:104} INFO - country: Argentina
[2022-01-27 16:17:43,134] {logging_mixin.py:104} INFO - country: Armenia
[2022-01-27 16:17:43,143] {logging_mixin.py:104} INFO - country: Australia
[2022-01-27 16:17:43,152] {logging_mixin.py:104} INFO - country: Austria
[2022-01-27 16:17:43,161] {logging_mixin.py:104} INFO - country: Azerbaijan
[2022-01-27 16:17:43,171] {logging_mixin.py:104} INFO - country: Bahrain
[2022-01-27 16:17:43,180] {logging_mixin.py:104} INFO - country: Bangladesh
[2022-01-27 16:17:43,189] {logging_mixin.py:104} INFO - country: Barbados
[2022-01-27 16:17:43,198] {logging_mixin.py:104} INFO - country: Belgium
[2022-01-27 16:17:43,208] {logging_mixin.py:104} INFO - country: Benin
[2022-01-27 16:17:43,217] {logging_mixin.py:104} INFO - country: Bosnia and Herzegovina
[2022-01-27 16:17:43,226] {logging_mixin.py:104} INFO - country: Bolivia
[2022-01-27 16:17:43,235] {logging_mixin.py:104} INFO - country: Botswana
[2022-01-27 16:17:43,244] {logging_mixin.py:104} INFO - country: Brazil
[2022-01-27 16:17:43,254] {logging_mixin.py:104} INFO - country: Brunei Darussalam
[2022-01-27 16:17:43,268] {logging_mixin.py:104} INFO - country: Bulgaria
[2022-01-27 16:17:43,279] {logging_mixin.py:104} INFO - country: Burkina Faso
[2022-01-27 16:17:43,292] {logging_mixin.py:104} INFO - country: Burundi
[2022-01-27 16:17:43,301] {logging_mixin.py:104} INFO - country: Cambodia
[2022-01-27 16:17:43,310] {logging_mixin.py:104} INFO - country: Cameroon
[2022-01-27 16:17:43,319] {logging_mixin.py:104} INFO - country: Canada
[2022-01-27 16:17:43,328] {logging_mixin.py:104} INFO - country: Cape Verde
[2022-01-27 16:17:43,338] {logging_mixin.py:104} INFO - country: Chad
[2022-01-27 16:17:43,347] {logging_mixin.py:104} INFO - country: Chile
[2022-01-27 16:17:43,356] {logging_mixin.py:104} INFO - country: China
[2022-01-27 16:17:43,365] {logging_mixin.py:104} INFO - country: Colombia
[2022-01-27 16:17:43,374] {logging_mixin.py:104} INFO - country: Congo, Democratic Rep.
[2022-01-27 16:17:43,383] {logging_mixin.py:104} INFO - country: Costa Rica
[2022-01-27 16:17:43,392] {logging_mixin.py:104} INFO - country: Côte d'Ivoire
[2022-01-27 16:17:43,401] {logging_mixin.py:104} INFO - country: Croatia
[2022-01-27 16:17:43,410] {logging_mixin.py:104} INFO - country: Cyprus
[2022-01-27 16:17:43,419] {logging_mixin.py:104} INFO - country: Czech Republic
[2022-01-27 16:17:43,428] {logging_mixin.py:104} INFO - country: Denmark
[2022-01-27 16:17:43,438] {logging_mixin.py:104} INFO - country: Dominican Republic
[2022-01-27 16:17:43,450] {logging_mixin.py:104} INFO - country: Ecuador
[2022-01-27 16:17:43,462] {logging_mixin.py:104} INFO - country: Egypt
[2022-01-27 16:17:43,472] {logging_mixin.py:104} INFO - country: El Salvador
[2022-01-27 16:17:43,485] {logging_mixin.py:104} INFO - country: Estonia
[2022-01-27 16:17:43,495] {logging_mixin.py:104} INFO - country: Ethiopia
[2022-01-27 16:17:43,504] {logging_mixin.py:104} INFO - country: Finland
[2022-01-27 16:17:43,514] {logging_mixin.py:104} INFO - country: France
[2022-01-27 16:17:43,523] {logging_mixin.py:104} INFO - country: Gabon
[2022-01-27 16:17:43,532] {logging_mixin.py:104} INFO - country: Gambia, The
[2022-01-27 16:17:43,542] {logging_mixin.py:104} INFO - country: Georgia
[2022-01-27 16:17:43,551] {logging_mixin.py:104} INFO - country: Germany
[2022-01-27 16:17:43,560] {logging_mixin.py:104} INFO - country: Ghana
[2022-01-27 16:17:43,569] {logging_mixin.py:104} INFO - country: Greece
[2022-01-27 16:17:43,578] {logging_mixin.py:104} INFO - country: Guatemala
[2022-01-27 16:17:43,587] {logging_mixin.py:104} INFO - country: Guinea
[2022-01-27 16:17:43,596] {logging_mixin.py:104} INFO - country: Haiti
[2022-01-27 16:17:43,605] {logging_mixin.py:104} INFO - country: Honduras
[2022-01-27 16:17:43,614] {logging_mixin.py:104} INFO - country: Hong Kong SAR
[2022-01-27 16:17:43,623] {logging_mixin.py:104} INFO - country: Hungary
[2022-01-27 16:17:43,632] {logging_mixin.py:104} INFO - country: Iceland
[2022-01-27 16:17:43,641] {logging_mixin.py:104} INFO - country: India
[2022-01-27 16:17:43,651] {logging_mixin.py:104} INFO - country: Indonesia
[2022-01-27 16:17:43,660] {logging_mixin.py:104} INFO - country: Iran, Islamic Rep.
[2022-01-27 16:17:43,669] {logging_mixin.py:104} INFO - country: Ireland
[2022-01-27 16:17:43,678] {logging_mixin.py:104} INFO - country: Israel
[2022-01-27 16:17:43,688] {logging_mixin.py:104} INFO - country: Italy
[2022-01-27 16:17:43,697] {logging_mixin.py:104} INFO - country: Jamaica
[2022-01-27 16:17:43,706] {logging_mixin.py:104} INFO - country: Japan
[2022-01-27 16:17:43,715] {logging_mixin.py:104} INFO - country: Jordan
[2022-01-27 16:17:43,724] {logging_mixin.py:104} INFO - country: Kazakhstan
[2022-01-27 16:17:43,734] {logging_mixin.py:104} INFO - country: Kenya
[2022-01-27 16:17:43,743] {logging_mixin.py:104} INFO - country: Korea, Rep.
[2022-01-27 16:17:43,752] {logging_mixin.py:104} INFO - country: Kuwait
[2022-01-27 16:17:43,761] {logging_mixin.py:104} INFO - country: Kyrgyz Republic
[2022-01-27 16:17:43,770] {logging_mixin.py:104} INFO - country: Lao PDR
[2022-01-27 16:17:43,779] {logging_mixin.py:104} INFO - country: Latvia
[2022-01-27 16:17:43,788] {logging_mixin.py:104} INFO - country: Lebanon
[2022-01-27 16:17:43,797] {logging_mixin.py:104} INFO - country: Lesotho
[2022-01-27 16:17:43,806] {logging_mixin.py:104} INFO - country: Liberia
[2022-01-27 16:17:43,815] {logging_mixin.py:104} INFO - country: Lithuania
[2022-01-27 16:17:43,824] {logging_mixin.py:104} INFO - country: Luxembourg
[2022-01-27 16:17:43,833] {logging_mixin.py:104} INFO - country: North Macedonia
[2022-01-27 16:17:43,842] {logging_mixin.py:104} INFO - country: Madagascar
[2022-01-27 16:17:43,851] {logging_mixin.py:104} INFO - country: Malawi
[2022-01-27 16:17:43,861] {logging_mixin.py:104} INFO - country: Malaysia
[2022-01-27 16:17:43,875] {logging_mixin.py:104} INFO - country: Mali
[2022-01-27 16:17:43,884] {logging_mixin.py:104} INFO - country: Malta
[2022-01-27 16:17:43,893] {logging_mixin.py:104} INFO - country: Mauritania
[2022-01-27 16:17:43,902] {logging_mixin.py:104} INFO - country: Mauritius
[2022-01-27 16:17:43,912] {logging_mixin.py:104} INFO - country: Mexico
[2022-01-27 16:17:43,921] {logging_mixin.py:104} INFO - country: Moldova
[2022-01-27 16:17:43,930] {logging_mixin.py:104} INFO - country: Mongolia
[2022-01-27 16:17:43,939] {logging_mixin.py:104} INFO - country: Montenegro
[2022-01-27 16:17:43,948] {logging_mixin.py:104} INFO - country: Morocco
[2022-01-27 16:17:43,956] {logging_mixin.py:104} INFO - country: Mozambique
[2022-01-27 16:17:43,965] {logging_mixin.py:104} INFO - country: Namibia
[2022-01-27 16:17:43,974] {logging_mixin.py:104} INFO - country: Nepal
[2022-01-27 16:17:43,983] {logging_mixin.py:104} INFO - country: Netherlands
[2022-01-27 16:17:43,995] {logging_mixin.py:104} INFO - country: New Zealand
[2022-01-27 16:17:44,004] {logging_mixin.py:104} INFO - country: Nicaragua
[2022-01-27 16:17:44,013] {logging_mixin.py:104} INFO - country: Nigeria
[2022-01-27 16:17:44,022] {logging_mixin.py:104} INFO - country: Norway
[2022-01-27 16:17:44,031] {logging_mixin.py:104} INFO - country: Oman
[2022-01-27 16:17:44,040] {logging_mixin.py:104} INFO - country: Pakistan
[2022-01-27 16:17:44,049] {logging_mixin.py:104} INFO - country: Panama
[2022-01-27 16:17:44,058] {logging_mixin.py:104} INFO - country: Paraguay
[2022-01-27 16:17:44,066] {logging_mixin.py:104} INFO - country: Peru
[2022-01-27 16:17:44,075] {logging_mixin.py:104} INFO - country: Philippines
[2022-01-27 16:17:44,084] {logging_mixin.py:104} INFO - country: Poland
[2022-01-27 16:17:44,093] {logging_mixin.py:104} INFO - country: Portugal
[2022-01-27 16:17:44,101] {logging_mixin.py:104} INFO - country: Qatar
[2022-01-27 16:17:44,110] {logging_mixin.py:104} INFO - country: Romania
[2022-01-27 16:17:44,119] {logging_mixin.py:104} INFO - country: Russian Federation
[2022-01-27 16:17:44,128] {logging_mixin.py:104} INFO - country: Rwanda
[2022-01-27 16:17:44,143] {logging_mixin.py:104} INFO - country: Saudi Arabia
[2022-01-27 16:17:44,157] {logging_mixin.py:104} INFO - country: Senegal
[2022-01-27 16:17:44,166] {logging_mixin.py:104} INFO - country: Serbia
[2022-01-27 16:17:44,174] {logging_mixin.py:104} INFO - country: Seychelles
[2022-01-27 16:17:44,183] {logging_mixin.py:104} INFO - country: Sierra Leone
[2022-01-27 16:17:44,192] {logging_mixin.py:104} INFO - country: Singapore
[2022-01-27 16:17:44,201] {logging_mixin.py:104} INFO - country: Slovak Republic
[2022-01-27 16:17:44,210] {logging_mixin.py:104} INFO - country: Slovenia
[2022-01-27 16:17:44,219] {logging_mixin.py:104} INFO - country: South Africa
[2022-01-27 16:17:44,228] {logging_mixin.py:104} INFO - country: Spain
[2022-01-27 16:17:44,237] {logging_mixin.py:104} INFO - country: Sri Lanka
[2022-01-27 16:17:44,246] {logging_mixin.py:104} INFO - country: Eswatini
[2022-01-27 16:17:44,255] {logging_mixin.py:104} INFO - country: Sweden
[2022-01-27 16:17:44,264] {logging_mixin.py:104} INFO - country: Switzerland
[2022-01-27 16:17:44,273] {logging_mixin.py:104} INFO - country: Taiwan, China
[2022-01-27 16:17:44,282] {logging_mixin.py:104} INFO - country: Tajikistan
[2022-01-27 16:17:44,291] {logging_mixin.py:104} INFO - country: Tanzania
[2022-01-27 16:17:44,300] {logging_mixin.py:104} INFO - country: Thailand
[2022-01-27 16:17:44,309] {logging_mixin.py:104} INFO - country: Trinidad and Tobago
[2022-01-27 16:17:44,318] {logging_mixin.py:104} INFO - country: Tunisia
[2022-01-27 16:17:44,327] {logging_mixin.py:104} INFO - country: Turkey
[2022-01-27 16:17:44,337] {logging_mixin.py:104} INFO - country: Uganda
[2022-01-27 16:17:44,346] {logging_mixin.py:104} INFO - country: Ukraine
[2022-01-27 16:17:44,357] {logging_mixin.py:104} INFO - country: United Arab Emirates
[2022-01-27 16:17:44,366] {logging_mixin.py:104} INFO - country: United Kingdom
[2022-01-27 16:17:44,375] {logging_mixin.py:104} INFO - country: United States
[2022-01-27 16:17:44,383] {logging_mixin.py:104} INFO - country: Uruguay
[2022-01-27 16:17:44,393] {logging_mixin.py:104} INFO - country: Venezuela
[2022-01-27 16:17:44,402] {logging_mixin.py:104} INFO - country: Viet Nam
[2022-01-27 16:17:44,411] {logging_mixin.py:104} INFO - country: Yemen
[2022-01-27 16:17:44,420] {logging_mixin.py:104} INFO - country: Zambia
[2022-01-27 16:17:44,429] {logging_mixin.py:104} INFO - country: Zimbabwe
[2022-01-27 16:17:44,438] {logging_mixin.py:104} INFO - country: Average GCR
[2022-01-27 16:17:44,447] {logging_mixin.py:104} INFO - country: Europe and North America
[2022-01-27 16:17:44,457] {logging_mixin.py:104} INFO - country: Middle East and North Africa
[2022-01-27 16:17:44,466] {logging_mixin.py:104} INFO - country: Sub-Saharan Africa
[2022-01-27 16:17:44,475] {logging_mixin.py:104} INFO - country: Latin America and the Caribbean
[2022-01-27 16:17:44,484] {logging_mixin.py:104} INFO - country: Eurasia
[2022-01-27 16:17:44,493] {logging_mixin.py:104} INFO - country: East Asia and Pacific
[2022-01-27 16:17:44,502] {logging_mixin.py:104} INFO - country: South Asia
[2022-01-27 16:17:45,313] {python.py:151} INFO - Done. Returned value was: None
[2022-01-27 16:17:45,336] {taskinstance.py:1191} INFO - Marking task as SUCCESS. dag_id=cgi_40, task_id=etl, execution_date=20220127T161735, start_date=20220127T161739, end_date=20220127T161745
[2022-01-27 16:17:45,356] {taskinstance.py:1245} INFO - 1 downstream tasks scheduled from follow-on schedule check
[2022-01-27 16:17:45,369] {local_task_job.py:151} INFO - Task exited with return code 0
