[2022-01-27 15:03:04,571] {taskinstance.py:876} INFO - Dependencies all met for <TaskInstance: cgi_40.etl 2022-01-27T15:03:00.156814+00:00 [queued]>
[2022-01-27 15:03:04,579] {taskinstance.py:876} INFO - Dependencies all met for <TaskInstance: cgi_40.etl 2022-01-27T15:03:00.156814+00:00 [queued]>
[2022-01-27 15:03:04,579] {taskinstance.py:1067} INFO - 
--------------------------------------------------------------------------------
[2022-01-27 15:03:04,579] {taskinstance.py:1068} INFO - Starting attempt 1 of 1
[2022-01-27 15:03:04,579] {taskinstance.py:1069} INFO - 
--------------------------------------------------------------------------------
[2022-01-27 15:03:04,587] {taskinstance.py:1087} INFO - Executing <Task(PythonOperator): etl> on 2022-01-27T15:03:00.156814+00:00
[2022-01-27 15:03:04,594] {standard_task_runner.py:52} INFO - Started process 155 to run task
[2022-01-27 15:03:04,597] {standard_task_runner.py:76} INFO - Running: ['***', 'tasks', 'run', 'cgi_40', 'etl', '2022-01-27T15:03:00.156814+00:00', '--job-id', '30', '--pool', 'default_pool', '--raw', '--subdir', 'DAGS_FOLDER/cgi40_dag.py', '--cfg-path', '/tmp/tmp_b00gb3b', '--error-file', '/tmp/tmp3mnw9_f_']
[2022-01-27 15:03:04,597] {standard_task_runner.py:77} INFO - Job 30: Subtask etl
[2022-01-27 15:03:04,623] {logging_mixin.py:104} INFO - Running <TaskInstance: cgi_40.etl 2022-01-27T15:03:00.156814+00:00 [running]> on host bb053c5f0074
[2022-01-27 15:03:04,651] {taskinstance.py:1282} INFO - Exporting the following env vars:
AIRFLOW_CTX_DAG_EMAIL=oulespaul@gmail.com
AIRFLOW_CTX_DAG_OWNER=ETDA
AIRFLOW_CTX_DAG_ID=cgi_40
AIRFLOW_CTX_TASK_ID=etl
AIRFLOW_CTX_EXECUTION_DATE=2022-01-27T15:03:00.156814+00:00
AIRFLOW_CTX_DAG_RUN_ID=manual__2022-01-27T15:03:00.156814+00:00
[2022-01-27 15:03:04,652] {logging_mixin.py:104} INFO - etl on progress...
[2022-01-27 15:03:08,595] {logging_mixin.py:104} INFO - country: Albania
[2022-01-27 15:03:08,604] {logging_mixin.py:104} INFO - country: Algeria
[2022-01-27 15:03:08,613] {logging_mixin.py:104} INFO - country: Angola
[2022-01-27 15:03:08,622] {logging_mixin.py:104} INFO - country: Argentina
[2022-01-27 15:03:08,631] {logging_mixin.py:104} INFO - country: Armenia
[2022-01-27 15:03:08,640] {logging_mixin.py:104} INFO - country: Australia
[2022-01-27 15:03:08,649] {logging_mixin.py:104} INFO - country: Austria
[2022-01-27 15:03:08,658] {logging_mixin.py:104} INFO - country: Azerbaijan
[2022-01-27 15:03:08,667] {logging_mixin.py:104} INFO - country: Bahrain
[2022-01-27 15:03:08,677] {logging_mixin.py:104} INFO - country: Bangladesh
[2022-01-27 15:03:08,686] {logging_mixin.py:104} INFO - country: Barbados
[2022-01-27 15:03:08,695] {logging_mixin.py:104} INFO - country: Belgium
[2022-01-27 15:03:08,703] {logging_mixin.py:104} INFO - country: Benin
[2022-01-27 15:03:08,712] {logging_mixin.py:104} INFO - country: Bosnia and Herzegovina
[2022-01-27 15:03:08,721] {logging_mixin.py:104} INFO - country: Bolivia
[2022-01-27 15:03:08,730] {logging_mixin.py:104} INFO - country: Botswana
[2022-01-27 15:03:08,739] {logging_mixin.py:104} INFO - country: Brazil
[2022-01-27 15:03:08,748] {logging_mixin.py:104} INFO - country: Brunei Darussalam
[2022-01-27 15:03:08,757] {logging_mixin.py:104} INFO - country: Bulgaria
[2022-01-27 15:03:08,766] {logging_mixin.py:104} INFO - country: Burkina Faso
[2022-01-27 15:03:08,775] {logging_mixin.py:104} INFO - country: Burundi
[2022-01-27 15:03:08,784] {logging_mixin.py:104} INFO - country: Cambodia
[2022-01-27 15:03:08,793] {logging_mixin.py:104} INFO - country: Cameroon
[2022-01-27 15:03:08,802] {logging_mixin.py:104} INFO - country: Canada
[2022-01-27 15:03:08,811] {logging_mixin.py:104} INFO - country: Cape Verde
[2022-01-27 15:03:08,820] {logging_mixin.py:104} INFO - country: Chad
[2022-01-27 15:03:08,829] {logging_mixin.py:104} INFO - country: Chile
[2022-01-27 15:03:08,838] {logging_mixin.py:104} INFO - country: China
[2022-01-27 15:03:08,847] {logging_mixin.py:104} INFO - country: Colombia
[2022-01-27 15:03:08,856] {logging_mixin.py:104} INFO - country: Congo, Democratic Rep.
[2022-01-27 15:03:08,868] {logging_mixin.py:104} INFO - country: Costa Rica
[2022-01-27 15:03:08,877] {logging_mixin.py:104} INFO - country: Côte d'Ivoire
[2022-01-27 15:03:08,885] {logging_mixin.py:104} INFO - country: Croatia
[2022-01-27 15:03:08,894] {logging_mixin.py:104} INFO - country: Cyprus
[2022-01-27 15:03:08,903] {logging_mixin.py:104} INFO - country: Czech Republic
[2022-01-27 15:03:08,912] {logging_mixin.py:104} INFO - country: Denmark
[2022-01-27 15:03:08,921] {logging_mixin.py:104} INFO - country: Dominican Republic
[2022-01-27 15:03:08,930] {logging_mixin.py:104} INFO - country: Ecuador
[2022-01-27 15:03:08,939] {logging_mixin.py:104} INFO - country: Egypt
[2022-01-27 15:03:08,948] {logging_mixin.py:104} INFO - country: El Salvador
[2022-01-27 15:03:08,957] {logging_mixin.py:104} INFO - country: Estonia
[2022-01-27 15:03:08,966] {logging_mixin.py:104} INFO - country: Ethiopia
[2022-01-27 15:03:08,975] {logging_mixin.py:104} INFO - country: Finland
[2022-01-27 15:03:08,984] {logging_mixin.py:104} INFO - country: France
[2022-01-27 15:03:08,993] {logging_mixin.py:104} INFO - country: Gabon
[2022-01-27 15:03:09,002] {logging_mixin.py:104} INFO - country: Gambia, The
[2022-01-27 15:03:09,011] {logging_mixin.py:104} INFO - country: Georgia
[2022-01-27 15:03:09,020] {logging_mixin.py:104} INFO - country: Germany
[2022-01-27 15:03:09,029] {logging_mixin.py:104} INFO - country: Ghana
[2022-01-27 15:03:09,038] {logging_mixin.py:104} INFO - country: Greece
[2022-01-27 15:03:09,046] {logging_mixin.py:104} INFO - country: Guatemala
[2022-01-27 15:03:09,055] {logging_mixin.py:104} INFO - country: Guinea
[2022-01-27 15:03:09,064] {logging_mixin.py:104} INFO - country: Haiti
[2022-01-27 15:03:09,073] {logging_mixin.py:104} INFO - country: Honduras
[2022-01-27 15:03:09,082] {logging_mixin.py:104} INFO - country: Hong Kong SAR
[2022-01-27 15:03:09,091] {logging_mixin.py:104} INFO - country: Hungary
[2022-01-27 15:03:09,100] {logging_mixin.py:104} INFO - country: Iceland
[2022-01-27 15:03:09,108] {logging_mixin.py:104} INFO - country: India
[2022-01-27 15:03:09,118] {logging_mixin.py:104} INFO - country: Indonesia
[2022-01-27 15:03:09,127] {logging_mixin.py:104} INFO - country: Iran, Islamic Rep.
[2022-01-27 15:03:09,136] {logging_mixin.py:104} INFO - country: Ireland
[2022-01-27 15:03:09,145] {logging_mixin.py:104} INFO - country: Israel
[2022-01-27 15:03:09,154] {logging_mixin.py:104} INFO - country: Italy
[2022-01-27 15:03:09,163] {logging_mixin.py:104} INFO - country: Jamaica
[2022-01-27 15:03:09,172] {logging_mixin.py:104} INFO - country: Japan
[2022-01-27 15:03:09,181] {logging_mixin.py:104} INFO - country: Jordan
[2022-01-27 15:03:09,191] {logging_mixin.py:104} INFO - country: Kazakhstan
[2022-01-27 15:03:09,199] {logging_mixin.py:104} INFO - country: Kenya
[2022-01-27 15:03:09,209] {logging_mixin.py:104} INFO - country: Korea, Rep.
[2022-01-27 15:03:09,218] {logging_mixin.py:104} INFO - country: Kuwait
[2022-01-27 15:03:09,227] {logging_mixin.py:104} INFO - country: Kyrgyz Republic
[2022-01-27 15:03:09,236] {logging_mixin.py:104} INFO - country: Lao PDR
[2022-01-27 15:03:09,245] {logging_mixin.py:104} INFO - country: Latvia
[2022-01-27 15:03:09,254] {logging_mixin.py:104} INFO - country: Lebanon
[2022-01-27 15:03:09,263] {logging_mixin.py:104} INFO - country: Lesotho
[2022-01-27 15:03:09,272] {logging_mixin.py:104} INFO - country: Liberia
[2022-01-27 15:03:09,281] {logging_mixin.py:104} INFO - country: Lithuania
[2022-01-27 15:03:09,294] {logging_mixin.py:104} INFO - country: Luxembourg
[2022-01-27 15:03:09,303] {logging_mixin.py:104} INFO - country: North Macedonia
[2022-01-27 15:03:09,313] {logging_mixin.py:104} INFO - country: Madagascar
[2022-01-27 15:03:09,321] {logging_mixin.py:104} INFO - country: Malawi
[2022-01-27 15:03:09,330] {logging_mixin.py:104} INFO - country: Malaysia
[2022-01-27 15:03:09,339] {logging_mixin.py:104} INFO - country: Mali
[2022-01-27 15:03:09,348] {logging_mixin.py:104} INFO - country: Malta
[2022-01-27 15:03:09,357] {logging_mixin.py:104} INFO - country: Mauritania
[2022-01-27 15:03:09,366] {logging_mixin.py:104} INFO - country: Mauritius
[2022-01-27 15:03:09,375] {logging_mixin.py:104} INFO - country: Mexico
[2022-01-27 15:03:09,384] {logging_mixin.py:104} INFO - country: Moldova
[2022-01-27 15:03:09,393] {logging_mixin.py:104} INFO - country: Mongolia
[2022-01-27 15:03:09,402] {logging_mixin.py:104} INFO - country: Montenegro
[2022-01-27 15:03:09,411] {logging_mixin.py:104} INFO - country: Morocco
[2022-01-27 15:03:09,419] {logging_mixin.py:104} INFO - country: Mozambique
[2022-01-27 15:03:09,428] {logging_mixin.py:104} INFO - country: Namibia
[2022-01-27 15:03:09,437] {logging_mixin.py:104} INFO - country: Nepal
[2022-01-27 15:03:09,446] {logging_mixin.py:104} INFO - country: Netherlands
[2022-01-27 15:03:09,456] {logging_mixin.py:104} INFO - country: New Zealand
[2022-01-27 15:03:09,465] {logging_mixin.py:104} INFO - country: Nicaragua
[2022-01-27 15:03:09,474] {logging_mixin.py:104} INFO - country: Nigeria
[2022-01-27 15:03:09,483] {logging_mixin.py:104} INFO - country: Norway
[2022-01-27 15:03:09,491] {logging_mixin.py:104} INFO - country: Oman
[2022-01-27 15:03:09,500] {logging_mixin.py:104} INFO - country: Pakistan
[2022-01-27 15:03:09,509] {logging_mixin.py:104} INFO - country: Panama
[2022-01-27 15:03:09,518] {logging_mixin.py:104} INFO - country: Paraguay
[2022-01-27 15:03:09,526] {logging_mixin.py:104} INFO - country: Peru
[2022-01-27 15:03:09,535] {logging_mixin.py:104} INFO - country: Philippines
[2022-01-27 15:03:09,544] {logging_mixin.py:104} INFO - country: Poland
[2022-01-27 15:03:09,553] {logging_mixin.py:104} INFO - country: Portugal
[2022-01-27 15:03:09,561] {logging_mixin.py:104} INFO - country: Qatar
[2022-01-27 15:03:09,571] {logging_mixin.py:104} INFO - country: Romania
[2022-01-27 15:03:09,580] {logging_mixin.py:104} INFO - country: Russian Federation
[2022-01-27 15:03:09,589] {logging_mixin.py:104} INFO - country: Rwanda
[2022-01-27 15:03:09,599] {logging_mixin.py:104} INFO - country: Saudi Arabia
[2022-01-27 15:03:09,608] {logging_mixin.py:104} INFO - country: Senegal
[2022-01-27 15:03:09,617] {logging_mixin.py:104} INFO - country: Serbia
[2022-01-27 15:03:09,629] {logging_mixin.py:104} INFO - country: Seychelles
[2022-01-27 15:03:09,641] {logging_mixin.py:104} INFO - country: Sierra Leone
[2022-01-27 15:03:09,650] {logging_mixin.py:104} INFO - country: Singapore
[2022-01-27 15:03:09,659] {logging_mixin.py:104} INFO - country: Slovak Republic
[2022-01-27 15:03:09,668] {logging_mixin.py:104} INFO - country: Slovenia
[2022-01-27 15:03:09,676] {logging_mixin.py:104} INFO - country: South Africa
[2022-01-27 15:03:09,685] {logging_mixin.py:104} INFO - country: Spain
[2022-01-27 15:03:09,694] {logging_mixin.py:104} INFO - country: Sri Lanka
[2022-01-27 15:03:09,702] {logging_mixin.py:104} INFO - country: Eswatini
[2022-01-27 15:03:09,711] {logging_mixin.py:104} INFO - country: Sweden
[2022-01-27 15:03:09,720] {logging_mixin.py:104} INFO - country: Switzerland
[2022-01-27 15:03:09,728] {logging_mixin.py:104} INFO - country: Taiwan, China
[2022-01-27 15:03:09,738] {logging_mixin.py:104} INFO - country: Tajikistan
[2022-01-27 15:03:09,746] {logging_mixin.py:104} INFO - country: Tanzania
[2022-01-27 15:03:09,755] {logging_mixin.py:104} INFO - country: Thailand
[2022-01-27 15:03:09,764] {logging_mixin.py:104} INFO - country: Trinidad and Tobago
[2022-01-27 15:03:09,773] {logging_mixin.py:104} INFO - country: Tunisia
[2022-01-27 15:03:09,781] {logging_mixin.py:104} INFO - country: Turkey
[2022-01-27 15:03:09,790] {logging_mixin.py:104} INFO - country: Uganda
[2022-01-27 15:03:09,799] {logging_mixin.py:104} INFO - country: Ukraine
[2022-01-27 15:03:09,808] {logging_mixin.py:104} INFO - country: United Arab Emirates
[2022-01-27 15:03:09,817] {logging_mixin.py:104} INFO - country: United Kingdom
[2022-01-27 15:03:09,825] {logging_mixin.py:104} INFO - country: United States
[2022-01-27 15:03:09,834] {logging_mixin.py:104} INFO - country: Uruguay
[2022-01-27 15:03:09,843] {logging_mixin.py:104} INFO - country: Venezuela
[2022-01-27 15:03:09,851] {logging_mixin.py:104} INFO - country: Viet Nam
[2022-01-27 15:03:09,861] {logging_mixin.py:104} INFO - country: Yemen
[2022-01-27 15:03:09,869] {logging_mixin.py:104} INFO - country: Zambia
[2022-01-27 15:03:09,878] {logging_mixin.py:104} INFO - country: Zimbabwe
[2022-01-27 15:03:09,887] {logging_mixin.py:104} INFO - country: Average GCR
[2022-01-27 15:03:09,895] {logging_mixin.py:104} INFO - country: Europe and North America
[2022-01-27 15:03:09,904] {logging_mixin.py:104} INFO - country: Middle East and North Africa
[2022-01-27 15:03:09,913] {logging_mixin.py:104} INFO - country: Sub-Saharan Africa
[2022-01-27 15:03:09,922] {logging_mixin.py:104} INFO - country: Latin America and the Caribbean
[2022-01-27 15:03:09,930] {logging_mixin.py:104} INFO - country: Eurasia
[2022-01-27 15:03:09,939] {logging_mixin.py:104} INFO - country: East Asia and Pacific
[2022-01-27 15:03:09,948] {logging_mixin.py:104} INFO - country: South Asia
[2022-01-27 15:03:10,739] {python.py:151} INFO - Done. Returned value was: None
[2022-01-27 15:03:10,747] {taskinstance.py:1191} INFO - Marking task as SUCCESS. dag_id=cgi_40, task_id=etl, execution_date=20220127T150300, start_date=20220127T150304, end_date=20220127T150310
[2022-01-27 15:03:10,764] {taskinstance.py:1245} INFO - 0 downstream tasks scheduled from follow-on schedule check
[2022-01-27 15:03:10,776] {local_task_job.py:151} INFO - Task exited with return code 0
