[2022-01-27 16:08:40,723] {taskinstance.py:876} INFO - Dependencies all met for <TaskInstance: cgi_40.load_data_source 2022-01-27T16:08:39.381668+00:00 [queued]>
[2022-01-27 16:08:40,731] {taskinstance.py:876} INFO - Dependencies all met for <TaskInstance: cgi_40.load_data_source 2022-01-27T16:08:39.381668+00:00 [queued]>
[2022-01-27 16:08:40,731] {taskinstance.py:1067} INFO - 
--------------------------------------------------------------------------------
[2022-01-27 16:08:40,731] {taskinstance.py:1068} INFO - Starting attempt 1 of 1
[2022-01-27 16:08:40,731] {taskinstance.py:1069} INFO - 
--------------------------------------------------------------------------------
[2022-01-27 16:08:40,739] {taskinstance.py:1087} INFO - Executing <Task(BashOperator): load_data_source> on 2022-01-27T16:08:39.381668+00:00
[2022-01-27 16:08:40,746] {standard_task_runner.py:52} INFO - Started process 78 to run task
[2022-01-27 16:08:40,749] {standard_task_runner.py:76} INFO - Running: ['***', 'tasks', 'run', 'cgi_40', 'load_data_source', '2022-01-27T16:08:39.381668+00:00', '--job-id', '6', '--pool', 'default_pool', '--raw', '--subdir', 'DAGS_FOLDER/cgi40_dag.py', '--cfg-path', '/tmp/tmpuxw1r2qy', '--error-file', '/tmp/tmpnxulum6n']
[2022-01-27 16:08:40,750] {standard_task_runner.py:77} INFO - Job 6: Subtask load_data_source
[2022-01-27 16:08:40,776] {logging_mixin.py:104} INFO - Running <TaskInstance: cgi_40.load_data_source 2022-01-27T16:08:39.381668+00:00 [running]> on host ca77e06d0f72
[2022-01-27 16:08:40,806] {taskinstance.py:1282} INFO - Exporting the following env vars:
AIRFLOW_CTX_DAG_EMAIL=oulespaul@gmail.com
AIRFLOW_CTX_DAG_OWNER=ETDA
AIRFLOW_CTX_DAG_ID=cgi_40
AIRFLOW_CTX_TASK_ID=load_data_source
AIRFLOW_CTX_EXECUTION_DATE=2022-01-27T16:08:39.381668+00:00
AIRFLOW_CTX_DAG_RUN_ID=manual__2022-01-27T16:08:39.381668+00:00
[2022-01-27 16:08:40,806] {subprocess.py:52} INFO - Tmp dir root location: 
 /tmp
[2022-01-27 16:08:40,807] {subprocess.py:63} INFO - Running command: ['bash', '-c', 'cd /opt/***/dags/data_source &&  curl -LfO "https://www.teknologisk.dk/_/media/76459_GCR%2017-19%20Dataset.xlsx"']
[2022-01-27 16:08:40,814] {subprocess.py:75} INFO - Output:
[2022-01-27 16:08:40,821] {subprocess.py:79} INFO -   % Total    % Received % Xferd  Average Speed   Time    Time     Time  Current
[2022-01-27 16:08:40,821] {subprocess.py:79} INFO -                                  Dload  Upload   Total   Spent    Left  Speed
[2022-01-27 16:08:43,229] {subprocess.py:79} INFO -   0     0    0     0    0     0      0      0 --:--:-- --:--:-- --:--:--     0  0     0    0     0    0     0      0      0 --:--:-- --:--:-- --:--:--     0  2 1916k    2 48746    0     0  38841      0  0:00:50  0:00:01  0:00:49 38810 67 1916k   67 1295k    0     0   571k      0  0:00:03  0:00:02  0:00:01  571k100 1916k  100 1916k    0     0   796k      0  0:00:02  0:00:02 --:--:--  795k
[2022-01-27 16:08:43,231] {subprocess.py:83} INFO - Command exited with return code 0
[2022-01-27 16:08:43,249] {taskinstance.py:1191} INFO - Marking task as SUCCESS. dag_id=cgi_40, task_id=load_data_source, execution_date=20220127T160839, start_date=20220127T160840, end_date=20220127T160843
[2022-01-27 16:08:43,270] {taskinstance.py:1245} INFO - 1 downstream tasks scheduled from follow-on schedule check
[2022-01-27 16:08:43,286] {local_task_job.py:151} INFO - Task exited with return code 0
