[2022-01-27 16:30:18,967] {taskinstance.py:876} INFO - Dependencies all met for <TaskInstance: cgi_40.load_data_source 2022-01-27T16:30:18.410639+00:00 [queued]>
[2022-01-27 16:30:18,975] {taskinstance.py:876} INFO - Dependencies all met for <TaskInstance: cgi_40.load_data_source 2022-01-27T16:30:18.410639+00:00 [queued]>
[2022-01-27 16:30:18,975] {taskinstance.py:1067} INFO - 
--------------------------------------------------------------------------------
[2022-01-27 16:30:18,975] {taskinstance.py:1068} INFO - Starting attempt 1 of 1
[2022-01-27 16:30:18,975] {taskinstance.py:1069} INFO - 
--------------------------------------------------------------------------------
[2022-01-27 16:30:18,983] {taskinstance.py:1087} INFO - Executing <Task(BashOperator): load_data_source> on 2022-01-27T16:30:18.410639+00:00
[2022-01-27 16:30:18,990] {standard_task_runner.py:52} INFO - Started process 126 to run task
[2022-01-27 16:30:18,993] {standard_task_runner.py:76} INFO - Running: ['***', 'tasks', 'run', 'cgi_40', 'load_data_source', '2022-01-27T16:30:18.410639+00:00', '--job-id', '24', '--pool', 'default_pool', '--raw', '--subdir', 'DAGS_FOLDER/cgi40_dag.py', '--cfg-path', '/tmp/tmp19aivdjq', '--error-file', '/tmp/tmpzcy380cd']
[2022-01-27 16:30:18,993] {standard_task_runner.py:77} INFO - Job 24: Subtask load_data_source
[2022-01-27 16:30:19,018] {logging_mixin.py:104} INFO - Running <TaskInstance: cgi_40.load_data_source 2022-01-27T16:30:18.410639+00:00 [running]> on host ca77e06d0f72
[2022-01-27 16:30:19,047] {taskinstance.py:1282} INFO - Exporting the following env vars:
AIRFLOW_CTX_DAG_EMAIL=oulespaul@gmail.com
AIRFLOW_CTX_DAG_OWNER=ETDA
AIRFLOW_CTX_DAG_ID=cgi_40
AIRFLOW_CTX_TASK_ID=load_data_source
AIRFLOW_CTX_EXECUTION_DATE=2022-01-27T16:30:18.410639+00:00
AIRFLOW_CTX_DAG_RUN_ID=manual__2022-01-27T16:30:18.410639+00:00
[2022-01-27 16:30:19,047] {subprocess.py:52} INFO - Tmp dir root location: 
 /tmp
[2022-01-27 16:30:19,049] {subprocess.py:63} INFO - Running command: ['bash', '-c', 'cd /opt/***/dags/data_source &&  curl -LfO "https://www.teknologisk.dk/_/media/76459_GCR%2017-19%20Dataset.xlsx"']
[2022-01-27 16:30:19,056] {subprocess.py:75} INFO - Output:
[2022-01-27 16:30:19,063] {subprocess.py:79} INFO -   % Total    % Received % Xferd  Average Speed   Time    Time     Time  Current
[2022-01-27 16:30:19,064] {subprocess.py:79} INFO -                                  Dload  Upload   Total   Spent    Left  Speed
[2022-01-27 16:30:24,523] {subprocess.py:79} INFO -   0     0    0     0    0     0      0      0 --:--:-- --:--:-- --:--:--     0  0     0    0     0    0     0      0      0 --:--:--  0:00:01 --:--:--     0  0     0    0     0    0     0      0      0 --:--:--  0:00:02 --:--:--     0  0     0    0     0    0     0      0      0 --:--:--  0:00:03 --:--:--     0  0 1916k    0 15978    0     0   3938      0  0:08:18  0:00:04  0:08:14  3938 19 1916k   19  367k    0     0  74525      0  0:00:26  0:00:05  0:00:21 74525100 1916k  100 1916k    0     0   351k      0  0:00:05  0:00:05 --:--:--  450k
[2022-01-27 16:30:24,525] {subprocess.py:83} INFO - Command exited with return code 0
[2022-01-27 16:30:24,543] {taskinstance.py:1191} INFO - Marking task as SUCCESS. dag_id=cgi_40, task_id=load_data_source, execution_date=20220127T163018, start_date=20220127T163018, end_date=20220127T163024
[2022-01-27 16:30:24,561] {taskinstance.py:1245} INFO - 1 downstream tasks scheduled from follow-on schedule check
[2022-01-27 16:30:24,566] {local_task_job.py:151} INFO - Task exited with return code 0
