[2022-01-27 15:05:19,994] {scheduler_job.py:182} INFO - Started process (PID=87) to work on /opt/airflow/dags/data_source/76459_GCR%2017-19%20Dataset.xlsx
[2022-01-27 15:05:19,995] {scheduler_job.py:633} INFO - Processing file /opt/airflow/dags/data_source/76459_GCR%2017-19%20Dataset.xlsx for tasks to queue
[2022-01-27 15:05:19,995] {logging_mixin.py:104} INFO - [2022-01-27 15:05:19,995] {dagbag.py:487} INFO - Filling up the DagBag from /opt/airflow/dags/data_source/76459_GCR%2017-19%20Dataset.xlsx
[2022-01-27 15:05:19,999] {scheduler_job.py:645} WARNING - No viable dags retrieved from /opt/airflow/dags/data_source/76459_GCR%2017-19%20Dataset.xlsx
[2022-01-27 15:05:20,007] {scheduler_job.py:190} INFO - Processing /opt/airflow/dags/data_source/76459_GCR%2017-19%20Dataset.xlsx took 0.017 seconds
[2022-01-27 15:05:50,074] {scheduler_job.py:182} INFO - Started process (PID=89) to work on /opt/airflow/dags/data_source/76459_GCR%2017-19%20Dataset.xlsx
[2022-01-27 15:05:50,075] {scheduler_job.py:633} INFO - Processing file /opt/airflow/dags/data_source/76459_GCR%2017-19%20Dataset.xlsx for tasks to queue
[2022-01-27 15:05:50,076] {logging_mixin.py:104} INFO - [2022-01-27 15:05:50,075] {dagbag.py:487} INFO - Filling up the DagBag from /opt/airflow/dags/data_source/76459_GCR%2017-19%20Dataset.xlsx
[2022-01-27 15:05:50,079] {scheduler_job.py:645} WARNING - No viable dags retrieved from /opt/airflow/dags/data_source/76459_GCR%2017-19%20Dataset.xlsx
[2022-01-27 15:05:50,088] {scheduler_job.py:190} INFO - Processing /opt/airflow/dags/data_source/76459_GCR%2017-19%20Dataset.xlsx took 0.016 seconds
[2022-01-27 15:06:20,156] {scheduler_job.py:182} INFO - Started process (PID=91) to work on /opt/airflow/dags/data_source/76459_GCR%2017-19%20Dataset.xlsx
[2022-01-27 15:06:20,157] {scheduler_job.py:633} INFO - Processing file /opt/airflow/dags/data_source/76459_GCR%2017-19%20Dataset.xlsx for tasks to queue
[2022-01-27 15:06:20,157] {logging_mixin.py:104} INFO - [2022-01-27 15:06:20,157] {dagbag.py:487} INFO - Filling up the DagBag from /opt/airflow/dags/data_source/76459_GCR%2017-19%20Dataset.xlsx
[2022-01-27 15:06:20,161] {scheduler_job.py:645} WARNING - No viable dags retrieved from /opt/airflow/dags/data_source/76459_GCR%2017-19%20Dataset.xlsx
[2022-01-27 15:06:20,170] {scheduler_job.py:190} INFO - Processing /opt/airflow/dags/data_source/76459_GCR%2017-19%20Dataset.xlsx took 0.016 seconds
[2022-01-27 15:06:50,240] {scheduler_job.py:182} INFO - Started process (PID=93) to work on /opt/airflow/dags/data_source/76459_GCR%2017-19%20Dataset.xlsx
[2022-01-27 15:06:50,240] {scheduler_job.py:633} INFO - Processing file /opt/airflow/dags/data_source/76459_GCR%2017-19%20Dataset.xlsx for tasks to queue
[2022-01-27 15:06:50,241] {logging_mixin.py:104} INFO - [2022-01-27 15:06:50,241] {dagbag.py:487} INFO - Filling up the DagBag from /opt/airflow/dags/data_source/76459_GCR%2017-19%20Dataset.xlsx
[2022-01-27 15:06:50,245] {scheduler_job.py:645} WARNING - No viable dags retrieved from /opt/airflow/dags/data_source/76459_GCR%2017-19%20Dataset.xlsx
[2022-01-27 15:06:50,254] {scheduler_job.py:190} INFO - Processing /opt/airflow/dags/data_source/76459_GCR%2017-19%20Dataset.xlsx took 0.017 seconds
[2022-01-27 15:07:20,321] {scheduler_job.py:182} INFO - Started process (PID=95) to work on /opt/airflow/dags/data_source/76459_GCR%2017-19%20Dataset.xlsx
[2022-01-27 15:07:20,322] {scheduler_job.py:633} INFO - Processing file /opt/airflow/dags/data_source/76459_GCR%2017-19%20Dataset.xlsx for tasks to queue
[2022-01-27 15:07:20,323] {logging_mixin.py:104} INFO - [2022-01-27 15:07:20,322] {dagbag.py:487} INFO - Filling up the DagBag from /opt/airflow/dags/data_source/76459_GCR%2017-19%20Dataset.xlsx
[2022-01-27 15:07:20,327] {scheduler_job.py:645} WARNING - No viable dags retrieved from /opt/airflow/dags/data_source/76459_GCR%2017-19%20Dataset.xlsx
[2022-01-27 15:07:20,335] {scheduler_job.py:190} INFO - Processing /opt/airflow/dags/data_source/76459_GCR%2017-19%20Dataset.xlsx took 0.017 seconds
[2022-01-27 15:07:50,404] {scheduler_job.py:182} INFO - Started process (PID=97) to work on /opt/airflow/dags/data_source/76459_GCR%2017-19%20Dataset.xlsx
[2022-01-27 15:07:50,405] {scheduler_job.py:633} INFO - Processing file /opt/airflow/dags/data_source/76459_GCR%2017-19%20Dataset.xlsx for tasks to queue
[2022-01-27 15:07:50,405] {logging_mixin.py:104} INFO - [2022-01-27 15:07:50,405] {dagbag.py:487} INFO - Filling up the DagBag from /opt/airflow/dags/data_source/76459_GCR%2017-19%20Dataset.xlsx
[2022-01-27 15:07:50,410] {scheduler_job.py:645} WARNING - No viable dags retrieved from /opt/airflow/dags/data_source/76459_GCR%2017-19%20Dataset.xlsx
[2022-01-27 15:07:50,418] {scheduler_job.py:190} INFO - Processing /opt/airflow/dags/data_source/76459_GCR%2017-19%20Dataset.xlsx took 0.017 seconds
[2022-01-27 15:08:20,486] {scheduler_job.py:182} INFO - Started process (PID=99) to work on /opt/airflow/dags/data_source/76459_GCR%2017-19%20Dataset.xlsx
[2022-01-27 15:08:20,487] {scheduler_job.py:633} INFO - Processing file /opt/airflow/dags/data_source/76459_GCR%2017-19%20Dataset.xlsx for tasks to queue
[2022-01-27 15:08:20,487] {logging_mixin.py:104} INFO - [2022-01-27 15:08:20,487] {dagbag.py:487} INFO - Filling up the DagBag from /opt/airflow/dags/data_source/76459_GCR%2017-19%20Dataset.xlsx
[2022-01-27 15:08:20,491] {scheduler_job.py:645} WARNING - No viable dags retrieved from /opt/airflow/dags/data_source/76459_GCR%2017-19%20Dataset.xlsx
[2022-01-27 15:08:20,500] {scheduler_job.py:190} INFO - Processing /opt/airflow/dags/data_source/76459_GCR%2017-19%20Dataset.xlsx took 0.017 seconds
[2022-01-27 15:08:50,572] {scheduler_job.py:182} INFO - Started process (PID=101) to work on /opt/airflow/dags/data_source/76459_GCR%2017-19%20Dataset.xlsx
[2022-01-27 15:08:50,573] {scheduler_job.py:633} INFO - Processing file /opt/airflow/dags/data_source/76459_GCR%2017-19%20Dataset.xlsx for tasks to queue
[2022-01-27 15:08:50,574] {logging_mixin.py:104} INFO - [2022-01-27 15:08:50,573] {dagbag.py:487} INFO - Filling up the DagBag from /opt/airflow/dags/data_source/76459_GCR%2017-19%20Dataset.xlsx
[2022-01-27 15:08:50,577] {scheduler_job.py:645} WARNING - No viable dags retrieved from /opt/airflow/dags/data_source/76459_GCR%2017-19%20Dataset.xlsx
[2022-01-27 15:08:50,586] {scheduler_job.py:190} INFO - Processing /opt/airflow/dags/data_source/76459_GCR%2017-19%20Dataset.xlsx took 0.016 seconds
[2022-01-27 15:09:20,654] {scheduler_job.py:182} INFO - Started process (PID=103) to work on /opt/airflow/dags/data_source/76459_GCR%2017-19%20Dataset.xlsx
[2022-01-27 15:09:20,654] {scheduler_job.py:633} INFO - Processing file /opt/airflow/dags/data_source/76459_GCR%2017-19%20Dataset.xlsx for tasks to queue
[2022-01-27 15:09:20,655] {logging_mixin.py:104} INFO - [2022-01-27 15:09:20,655] {dagbag.py:487} INFO - Filling up the DagBag from /opt/airflow/dags/data_source/76459_GCR%2017-19%20Dataset.xlsx
[2022-01-27 15:09:20,659] {scheduler_job.py:645} WARNING - No viable dags retrieved from /opt/airflow/dags/data_source/76459_GCR%2017-19%20Dataset.xlsx
[2022-01-27 15:09:20,667] {scheduler_job.py:190} INFO - Processing /opt/airflow/dags/data_source/76459_GCR%2017-19%20Dataset.xlsx took 0.017 seconds
[2022-01-27 15:09:50,729] {scheduler_job.py:182} INFO - Started process (PID=105) to work on /opt/airflow/dags/data_source/76459_GCR%2017-19%20Dataset.xlsx
[2022-01-27 15:09:50,729] {scheduler_job.py:633} INFO - Processing file /opt/airflow/dags/data_source/76459_GCR%2017-19%20Dataset.xlsx for tasks to queue
[2022-01-27 15:09:50,730] {logging_mixin.py:104} INFO - [2022-01-27 15:09:50,730] {dagbag.py:487} INFO - Filling up the DagBag from /opt/airflow/dags/data_source/76459_GCR%2017-19%20Dataset.xlsx
[2022-01-27 15:09:50,734] {scheduler_job.py:645} WARNING - No viable dags retrieved from /opt/airflow/dags/data_source/76459_GCR%2017-19%20Dataset.xlsx
[2022-01-27 15:09:50,742] {scheduler_job.py:190} INFO - Processing /opt/airflow/dags/data_source/76459_GCR%2017-19%20Dataset.xlsx took 0.016 seconds
[2022-01-27 15:10:20,806] {scheduler_job.py:182} INFO - Started process (PID=107) to work on /opt/airflow/dags/data_source/76459_GCR%2017-19%20Dataset.xlsx
[2022-01-27 15:10:20,807] {scheduler_job.py:633} INFO - Processing file /opt/airflow/dags/data_source/76459_GCR%2017-19%20Dataset.xlsx for tasks to queue
[2022-01-27 15:10:20,807] {logging_mixin.py:104} INFO - [2022-01-27 15:10:20,807] {dagbag.py:487} INFO - Filling up the DagBag from /opt/airflow/dags/data_source/76459_GCR%2017-19%20Dataset.xlsx
[2022-01-27 15:10:20,811] {scheduler_job.py:645} WARNING - No viable dags retrieved from /opt/airflow/dags/data_source/76459_GCR%2017-19%20Dataset.xlsx
[2022-01-27 15:10:20,820] {scheduler_job.py:190} INFO - Processing /opt/airflow/dags/data_source/76459_GCR%2017-19%20Dataset.xlsx took 0.016 seconds
[2022-01-27 15:10:50,881] {scheduler_job.py:182} INFO - Started process (PID=109) to work on /opt/airflow/dags/data_source/76459_GCR%2017-19%20Dataset.xlsx
[2022-01-27 15:10:50,882] {scheduler_job.py:633} INFO - Processing file /opt/airflow/dags/data_source/76459_GCR%2017-19%20Dataset.xlsx for tasks to queue
[2022-01-27 15:10:50,882] {logging_mixin.py:104} INFO - [2022-01-27 15:10:50,882] {dagbag.py:487} INFO - Filling up the DagBag from /opt/airflow/dags/data_source/76459_GCR%2017-19%20Dataset.xlsx
[2022-01-27 15:10:50,886] {scheduler_job.py:645} WARNING - No viable dags retrieved from /opt/airflow/dags/data_source/76459_GCR%2017-19%20Dataset.xlsx
[2022-01-27 15:10:50,895] {scheduler_job.py:190} INFO - Processing /opt/airflow/dags/data_source/76459_GCR%2017-19%20Dataset.xlsx took 0.016 seconds
[2022-01-27 15:11:20,963] {scheduler_job.py:182} INFO - Started process (PID=111) to work on /opt/airflow/dags/data_source/76459_GCR%2017-19%20Dataset.xlsx
[2022-01-27 15:11:20,966] {scheduler_job.py:633} INFO - Processing file /opt/airflow/dags/data_source/76459_GCR%2017-19%20Dataset.xlsx for tasks to queue
[2022-01-27 15:11:20,966] {logging_mixin.py:104} INFO - [2022-01-27 15:11:20,966] {dagbag.py:487} INFO - Filling up the DagBag from /opt/airflow/dags/data_source/76459_GCR%2017-19%20Dataset.xlsx
[2022-01-27 15:11:20,970] {scheduler_job.py:645} WARNING - No viable dags retrieved from /opt/airflow/dags/data_source/76459_GCR%2017-19%20Dataset.xlsx
[2022-01-27 15:11:20,979] {scheduler_job.py:190} INFO - Processing /opt/airflow/dags/data_source/76459_GCR%2017-19%20Dataset.xlsx took 0.019 seconds
[2022-01-27 15:11:51,068] {scheduler_job.py:182} INFO - Started process (PID=113) to work on /opt/airflow/dags/data_source/76459_GCR%2017-19%20Dataset.xlsx
[2022-01-27 15:11:51,068] {scheduler_job.py:633} INFO - Processing file /opt/airflow/dags/data_source/76459_GCR%2017-19%20Dataset.xlsx for tasks to queue
[2022-01-27 15:11:51,069] {logging_mixin.py:104} INFO - [2022-01-27 15:11:51,069] {dagbag.py:487} INFO - Filling up the DagBag from /opt/airflow/dags/data_source/76459_GCR%2017-19%20Dataset.xlsx
[2022-01-27 15:11:51,073] {scheduler_job.py:645} WARNING - No viable dags retrieved from /opt/airflow/dags/data_source/76459_GCR%2017-19%20Dataset.xlsx
[2022-01-27 15:11:51,082] {scheduler_job.py:190} INFO - Processing /opt/airflow/dags/data_source/76459_GCR%2017-19%20Dataset.xlsx took 0.016 seconds
[2022-01-27 15:12:21,168] {scheduler_job.py:182} INFO - Started process (PID=115) to work on /opt/airflow/dags/data_source/76459_GCR%2017-19%20Dataset.xlsx
[2022-01-27 15:12:21,169] {scheduler_job.py:633} INFO - Processing file /opt/airflow/dags/data_source/76459_GCR%2017-19%20Dataset.xlsx for tasks to queue
[2022-01-27 15:12:21,169] {logging_mixin.py:104} INFO - [2022-01-27 15:12:21,169] {dagbag.py:487} INFO - Filling up the DagBag from /opt/airflow/dags/data_source/76459_GCR%2017-19%20Dataset.xlsx
[2022-01-27 15:12:21,175] {scheduler_job.py:645} WARNING - No viable dags retrieved from /opt/airflow/dags/data_source/76459_GCR%2017-19%20Dataset.xlsx
[2022-01-27 15:12:21,186] {scheduler_job.py:190} INFO - Processing /opt/airflow/dags/data_source/76459_GCR%2017-19%20Dataset.xlsx took 0.020 seconds
[2022-01-27 15:12:51,246] {scheduler_job.py:182} INFO - Started process (PID=117) to work on /opt/airflow/dags/data_source/76459_GCR%2017-19%20Dataset.xlsx
[2022-01-27 15:12:51,247] {scheduler_job.py:633} INFO - Processing file /opt/airflow/dags/data_source/76459_GCR%2017-19%20Dataset.xlsx for tasks to queue
[2022-01-27 15:12:51,248] {logging_mixin.py:104} INFO - [2022-01-27 15:12:51,248] {dagbag.py:487} INFO - Filling up the DagBag from /opt/airflow/dags/data_source/76459_GCR%2017-19%20Dataset.xlsx
[2022-01-27 15:12:51,252] {scheduler_job.py:645} WARNING - No viable dags retrieved from /opt/airflow/dags/data_source/76459_GCR%2017-19%20Dataset.xlsx
[2022-01-27 15:12:51,261] {scheduler_job.py:190} INFO - Processing /opt/airflow/dags/data_source/76459_GCR%2017-19%20Dataset.xlsx took 0.017 seconds
[2022-01-27 15:13:21,342] {scheduler_job.py:182} INFO - Started process (PID=119) to work on /opt/airflow/dags/data_source/76459_GCR%2017-19%20Dataset.xlsx
[2022-01-27 15:13:21,343] {scheduler_job.py:633} INFO - Processing file /opt/airflow/dags/data_source/76459_GCR%2017-19%20Dataset.xlsx for tasks to queue
[2022-01-27 15:13:21,343] {logging_mixin.py:104} INFO - [2022-01-27 15:13:21,343] {dagbag.py:487} INFO - Filling up the DagBag from /opt/airflow/dags/data_source/76459_GCR%2017-19%20Dataset.xlsx
[2022-01-27 15:13:21,348] {scheduler_job.py:645} WARNING - No viable dags retrieved from /opt/airflow/dags/data_source/76459_GCR%2017-19%20Dataset.xlsx
[2022-01-27 15:13:21,356] {scheduler_job.py:190} INFO - Processing /opt/airflow/dags/data_source/76459_GCR%2017-19%20Dataset.xlsx took 0.016 seconds
[2022-01-27 15:13:51,437] {scheduler_job.py:182} INFO - Started process (PID=121) to work on /opt/airflow/dags/data_source/76459_GCR%2017-19%20Dataset.xlsx
[2022-01-27 15:13:51,439] {scheduler_job.py:633} INFO - Processing file /opt/airflow/dags/data_source/76459_GCR%2017-19%20Dataset.xlsx for tasks to queue
[2022-01-27 15:13:51,439] {logging_mixin.py:104} INFO - [2022-01-27 15:13:51,439] {dagbag.py:487} INFO - Filling up the DagBag from /opt/airflow/dags/data_source/76459_GCR%2017-19%20Dataset.xlsx
[2022-01-27 15:13:51,443] {scheduler_job.py:645} WARNING - No viable dags retrieved from /opt/airflow/dags/data_source/76459_GCR%2017-19%20Dataset.xlsx
[2022-01-27 15:13:51,453] {scheduler_job.py:190} INFO - Processing /opt/airflow/dags/data_source/76459_GCR%2017-19%20Dataset.xlsx took 0.018 seconds
[2022-01-27 15:14:21,536] {scheduler_job.py:182} INFO - Started process (PID=123) to work on /opt/airflow/dags/data_source/76459_GCR%2017-19%20Dataset.xlsx
[2022-01-27 15:14:21,537] {scheduler_job.py:633} INFO - Processing file /opt/airflow/dags/data_source/76459_GCR%2017-19%20Dataset.xlsx for tasks to queue
[2022-01-27 15:14:21,537] {logging_mixin.py:104} INFO - [2022-01-27 15:14:21,537] {dagbag.py:487} INFO - Filling up the DagBag from /opt/airflow/dags/data_source/76459_GCR%2017-19%20Dataset.xlsx
[2022-01-27 15:14:21,542] {scheduler_job.py:645} WARNING - No viable dags retrieved from /opt/airflow/dags/data_source/76459_GCR%2017-19%20Dataset.xlsx
[2022-01-27 15:14:21,550] {scheduler_job.py:190} INFO - Processing /opt/airflow/dags/data_source/76459_GCR%2017-19%20Dataset.xlsx took 0.016 seconds
[2022-01-27 15:14:51,630] {scheduler_job.py:182} INFO - Started process (PID=125) to work on /opt/airflow/dags/data_source/76459_GCR%2017-19%20Dataset.xlsx
[2022-01-27 15:14:51,630] {scheduler_job.py:633} INFO - Processing file /opt/airflow/dags/data_source/76459_GCR%2017-19%20Dataset.xlsx for tasks to queue
[2022-01-27 15:14:51,631] {logging_mixin.py:104} INFO - [2022-01-27 15:14:51,630] {dagbag.py:487} INFO - Filling up the DagBag from /opt/airflow/dags/data_source/76459_GCR%2017-19%20Dataset.xlsx
[2022-01-27 15:14:51,635] {scheduler_job.py:645} WARNING - No viable dags retrieved from /opt/airflow/dags/data_source/76459_GCR%2017-19%20Dataset.xlsx
[2022-01-27 15:14:51,643] {scheduler_job.py:190} INFO - Processing /opt/airflow/dags/data_source/76459_GCR%2017-19%20Dataset.xlsx took 0.016 seconds
[2022-01-27 15:15:21,731] {scheduler_job.py:182} INFO - Started process (PID=127) to work on /opt/airflow/dags/data_source/76459_GCR%2017-19%20Dataset.xlsx
[2022-01-27 15:15:21,732] {scheduler_job.py:633} INFO - Processing file /opt/airflow/dags/data_source/76459_GCR%2017-19%20Dataset.xlsx for tasks to queue
[2022-01-27 15:15:21,732] {logging_mixin.py:104} INFO - [2022-01-27 15:15:21,732] {dagbag.py:487} INFO - Filling up the DagBag from /opt/airflow/dags/data_source/76459_GCR%2017-19%20Dataset.xlsx
[2022-01-27 15:15:21,736] {scheduler_job.py:645} WARNING - No viable dags retrieved from /opt/airflow/dags/data_source/76459_GCR%2017-19%20Dataset.xlsx
[2022-01-27 15:15:21,745] {scheduler_job.py:190} INFO - Processing /opt/airflow/dags/data_source/76459_GCR%2017-19%20Dataset.xlsx took 0.017 seconds
[2022-01-27 15:15:51,830] {scheduler_job.py:182} INFO - Started process (PID=129) to work on /opt/airflow/dags/data_source/76459_GCR%2017-19%20Dataset.xlsx
[2022-01-27 15:15:51,830] {scheduler_job.py:633} INFO - Processing file /opt/airflow/dags/data_source/76459_GCR%2017-19%20Dataset.xlsx for tasks to queue
[2022-01-27 15:15:51,831] {logging_mixin.py:104} INFO - [2022-01-27 15:15:51,831] {dagbag.py:487} INFO - Filling up the DagBag from /opt/airflow/dags/data_source/76459_GCR%2017-19%20Dataset.xlsx
[2022-01-27 15:15:51,835] {scheduler_job.py:645} WARNING - No viable dags retrieved from /opt/airflow/dags/data_source/76459_GCR%2017-19%20Dataset.xlsx
[2022-01-27 15:15:51,844] {scheduler_job.py:190} INFO - Processing /opt/airflow/dags/data_source/76459_GCR%2017-19%20Dataset.xlsx took 0.016 seconds
[2022-01-27 15:16:21,930] {scheduler_job.py:182} INFO - Started process (PID=131) to work on /opt/airflow/dags/data_source/76459_GCR%2017-19%20Dataset.xlsx
[2022-01-27 15:16:21,931] {scheduler_job.py:633} INFO - Processing file /opt/airflow/dags/data_source/76459_GCR%2017-19%20Dataset.xlsx for tasks to queue
[2022-01-27 15:16:21,931] {logging_mixin.py:104} INFO - [2022-01-27 15:16:21,931] {dagbag.py:487} INFO - Filling up the DagBag from /opt/airflow/dags/data_source/76459_GCR%2017-19%20Dataset.xlsx
[2022-01-27 15:16:21,935] {scheduler_job.py:645} WARNING - No viable dags retrieved from /opt/airflow/dags/data_source/76459_GCR%2017-19%20Dataset.xlsx
[2022-01-27 15:16:21,943] {scheduler_job.py:190} INFO - Processing /opt/airflow/dags/data_source/76459_GCR%2017-19%20Dataset.xlsx took 0.016 seconds
[2022-01-27 15:16:52,026] {scheduler_job.py:182} INFO - Started process (PID=133) to work on /opt/airflow/dags/data_source/76459_GCR%2017-19%20Dataset.xlsx
[2022-01-27 15:16:52,027] {scheduler_job.py:633} INFO - Processing file /opt/airflow/dags/data_source/76459_GCR%2017-19%20Dataset.xlsx for tasks to queue
[2022-01-27 15:16:52,028] {logging_mixin.py:104} INFO - [2022-01-27 15:16:52,028] {dagbag.py:487} INFO - Filling up the DagBag from /opt/airflow/dags/data_source/76459_GCR%2017-19%20Dataset.xlsx
[2022-01-27 15:16:52,032] {scheduler_job.py:645} WARNING - No viable dags retrieved from /opt/airflow/dags/data_source/76459_GCR%2017-19%20Dataset.xlsx
[2022-01-27 15:16:52,040] {scheduler_job.py:190} INFO - Processing /opt/airflow/dags/data_source/76459_GCR%2017-19%20Dataset.xlsx took 0.016 seconds
